{"timestamp":"2026-06-24T21:21:29.176272Z","level":"info","event":"Filling up the DagBag from /opt/airflow/dags/full_pipeline.py","logger":"airflow.dag_processing.dagbag.BundleDagBag","filename":"dagbag.py","lineno":469}
{"timestamp":"2026-06-24T21:21:29.223918Z","level":"warning","event":"The `airflow.decorators.dag` attribute is deprecated. Please use `'airflow.sdk.dag'`.","category":"UserWarning","filename":"/opt/airflow/dags/full_pipeline.py","lineno":7,"logger":"py.warnings"}
{"timestamp":"2026-06-24T21:21:29.223988Z","level":"warning","event":"The `airflow.decorators.task` attribute is deprecated. Please use `'airflow.sdk.task'`.","category":"UserWarning","filename":"/opt/airflow/dags/full_pipeline.py","lineno":7,"logger":"py.warnings"}
{"timestamp":"2026-06-24T21:21:29.224018Z","level":"warning","event":"The `airflow.operators.bash.BashOperator` attribute is deprecated. Please use `'airflow.providers.standard.operators.bash.BashOperator'`.","category":"UserWarning","filename":"/opt/airflow/dags/full_pipeline.py","lineno":10,"logger":"py.warnings"}
{"timestamp":"2026-06-24T21:21:59.488267Z","level":"info","event":"Filling up the DagBag from /opt/airflow/dags/full_pipeline.py","logger":"airflow.dag_processing.dagbag.BundleDagBag","filename":"dagbag.py","lineno":469}
{"timestamp":"2026-06-24T21:21:59.505585Z","level":"warning","event":"The `airflow.decorators.dag` attribute is deprecated. Please use `'airflow.sdk.dag'`.","category":"UserWarning","filename":"/opt/airflow/dags/full_pipeline.py","lineno":7,"logger":"py.warnings"}
{"timestamp":"2026-06-24T21:21:59.505651Z","level":"warning","event":"The `airflow.decorators.task` attribute is deprecated. Please use `'airflow.sdk.task'`.","category":"UserWarning","filename":"/opt/airflow/dags/full_pipeline.py","lineno":7,"logger":"py.warnings"}
{"timestamp":"2026-06-24T21:21:59.505679Z","level":"warning","event":"The `airflow.operators.bash.BashOperator` attribute is deprecated. Please use `'airflow.providers.standard.operators.bash.BashOperator'`.","category":"UserWarning","filename":"/opt/airflow/dags/full_pipeline.py","lineno":10,"logger":"py.warnings"}
{"timestamp":"2026-06-24T21:22:29.723291Z","level":"info","event":"Filling up the DagBag from /opt/airflow/dags/full_pipeline.py","logger":"airflow.dag_processing.dagbag.BundleDagBag","filename":"dagbag.py","lineno":469}
{"timestamp":"2026-06-24T21:22:29.743886Z","level":"warning","event":"The `airflow.decorators.dag` attribute is deprecated. Please use `'airflow.sdk.dag'`.","category":"UserWarning","filename":"/opt/airflow/dags/full_pipeline.py","lineno":7,"logger":"py.warnings"}
{"timestamp":"2026-06-24T21:22:29.743960Z","level":"warning","event":"The `airflow.decorators.task` attribute is deprecated. Please use `'airflow.sdk.task'`.","category":"UserWarning","filename":"/opt/airflow/dags/full_pipeline.py","lineno":7,"logger":"py.warnings"}
{"timestamp":"2026-06-24T21:22:29.743987Z","level":"warning","event":"The `airflow.operators.bash.BashOperator` attribute is deprecated. Please use `'airflow.providers.standard.operators.bash.BashOperator'`.","category":"UserWarning","filename":"/opt/airflow/dags/full_pipeline.py","lineno":10,"logger":"py.warnings"}
{"timestamp":"2026-06-24T21:22:59.943587Z","level":"info","event":"Filling up the DagBag from /opt/airflow/dags/full_pipeline.py","logger":"airflow.dag_processing.dagbag.BundleDagBag","filename":"dagbag.py","lineno":469}
{"timestamp":"2026-06-24T21:22:59.960760Z","level":"warning","event":"The `airflow.decorators.dag` attribute is deprecated. Please use `'airflow.sdk.dag'`.","category":"UserWarning","filename":"/opt/airflow/dags/full_pipeline.py","lineno":7,"logger":"py.warnings"}
{"timestamp":"2026-06-24T21:22:59.960825Z","level":"warning","event":"The `airflow.decorators.task` attribute is deprecated. Please use `'airflow.sdk.task'`.","category":"UserWarning","filename":"/opt/airflow/dags/full_pipeline.py","lineno":7,"logger":"py.warnings"}
{"timestamp":"2026-06-24T21:22:59.960852Z","level":"warning","event":"The `airflow.operators.bash.BashOperator` attribute is deprecated. Please use `'airflow.providers.standard.operators.bash.BashOperator'`.","category":"UserWarning","filename":"/opt/airflow/dags/full_pipeline.py","lineno":10,"logger":"py.warnings"}
{"timestamp":"2026-06-24T21:23:30.147702Z","level":"info","event":"Filling up the DagBag from /opt/airflow/dags/full_pipeline.py","logger":"airflow.dag_processing.dagbag.BundleDagBag","filename":"dagbag.py","lineno":469}
{"timestamp":"2026-06-24T21:23:30.163324Z","level":"warning","event":"The `airflow.decorators.dag` attribute is deprecated. Please use `'airflow.sdk.dag'`.","category":"UserWarning","filename":"/opt/airflow/dags/full_pipeline.py","lineno":7,"logger":"py.warnings"}
{"timestamp":"2026-06-24T21:23:30.163399Z","level":"warning","event":"The `airflow.decorators.task` attribute is deprecated. Please use `'airflow.sdk.task'`.","category":"UserWarning","filename":"/opt/airflow/dags/full_pipeline.py","lineno":7,"logger":"py.warnings"}
{"timestamp":"2026-06-24T21:23:30.163427Z","level":"warning","event":"The `airflow.operators.bash.BashOperator` attribute is deprecated. Please use `'airflow.providers.standard.operators.bash.BashOperator'`.","category":"UserWarning","filename":"/opt/airflow/dags/full_pipeline.py","lineno":10,"logger":"py.warnings"}
{"timestamp":"2026-06-24T21:24:29.550503Z","level":"info","event":"Filling up the DagBag from /opt/airflow/dags/full_pipeline.py","logger":"airflow.dag_processing.dagbag.BundleDagBag","filename":"dagbag.py","lineno":469}
{"timestamp":"2026-06-24T21:24:29.569708Z","level":"warning","event":"The `airflow.decorators.dag` attribute is deprecated. Please use `'airflow.sdk.dag'`.","category":"UserWarning","filename":"/opt/airflow/dags/full_pipeline.py","lineno":7,"logger":"py.warnings"}
{"timestamp":"2026-06-24T21:24:29.569897Z","level":"warning","event":"The `airflow.decorators.task` attribute is deprecated. Please use `'airflow.sdk.task'`.","category":"UserWarning","filename":"/opt/airflow/dags/full_pipeline.py","lineno":7,"logger":"py.warnings"}
{"timestamp":"2026-06-24T21:24:29.570324Z","level":"warning","event":"The `airflow.operators.bash.BashOperator` attribute is deprecated. Please use `'airflow.providers.standard.operators.bash.BashOperator'`.","category":"UserWarning","filename":"/opt/airflow/dags/full_pipeline.py","lineno":10,"logger":"py.warnings"}
{"timestamp":"2026-06-24T21:24:59.873731Z","level":"info","event":"Filling up the DagBag from /opt/airflow/dags/full_pipeline.py","logger":"airflow.dag_processing.dagbag.BundleDagBag","filename":"dagbag.py","lineno":469}
{"timestamp":"2026-06-24T21:24:59.895881Z","level":"warning","event":"The `airflow.decorators.dag` attribute is deprecated. Please use `'airflow.sdk.dag'`.","category":"UserWarning","filename":"/opt/airflow/dags/full_pipeline.py","lineno":7,"logger":"py.warnings"}
{"timestamp":"2026-06-24T21:24:59.896059Z","level":"warning","event":"The `airflow.decorators.task` attribute is deprecated. Please use `'airflow.sdk.task'`.","category":"UserWarning","filename":"/opt/airflow/dags/full_pipeline.py","lineno":7,"logger":"py.warnings"}
{"timestamp":"2026-06-24T21:24:59.896472Z","level":"warning","event":"The `airflow.operators.bash.BashOperator` attribute is deprecated. Please use `'airflow.providers.standard.operators.bash.BashOperator'`.","category":"UserWarning","filename":"/opt/airflow/dags/full_pipeline.py","lineno":10,"logger":"py.warnings"}
{"timestamp":"2026-06-24T21:26:03.909906Z","level":"info","event":"Filling up the DagBag from /opt/airflow/dags/full_pipeline.py","logger":"airflow.dag_processing.dagbag.BundleDagBag","filename":"dagbag.py","lineno":469}
{"timestamp":"2026-06-24T21:26:03.926536Z","level":"warning","event":"The `airflow.decorators.dag` attribute is deprecated. Please use `'airflow.sdk.dag'`.","category":"UserWarning","filename":"/opt/airflow/dags/full_pipeline.py","lineno":7,"logger":"py.warnings"}
{"timestamp":"2026-06-24T21:26:03.926715Z","level":"warning","event":"The `airflow.decorators.task` attribute is deprecated. Please use `'airflow.sdk.task'`.","category":"UserWarning","filename":"/opt/airflow/dags/full_pipeline.py","lineno":7,"logger":"py.warnings"}
{"timestamp":"2026-06-24T21:26:03.927115Z","level":"warning","event":"The `airflow.operators.bash.BashOperator` attribute is deprecated. Please use `'airflow.providers.standard.operators.bash.BashOperator'`.","category":"UserWarning","filename":"/opt/airflow/dags/full_pipeline.py","lineno":10,"logger":"py.warnings"}
{"timestamp":"2026-06-24T21:26:34.242995Z","level":"info","event":"Filling up the DagBag from /opt/airflow/dags/full_pipeline.py","logger":"airflow.dag_processing.dagbag.BundleDagBag","filename":"dagbag.py","lineno":469}
{"timestamp":"2026-06-24T21:26:34.263905Z","level":"warning","event":"The `airflow.decorators.dag` attribute is deprecated. Please use `'airflow.sdk.dag'`.","category":"UserWarning","filename":"/opt/airflow/dags/full_pipeline.py","lineno":7,"logger":"py.warnings"}
{"timestamp":"2026-06-24T21:26:34.264077Z","level":"warning","event":"The `airflow.decorators.task` attribute is deprecated. Please use `'airflow.sdk.task'`.","category":"UserWarning","filename":"/opt/airflow/dags/full_pipeline.py","lineno":7,"logger":"py.warnings"}
{"timestamp":"2026-06-24T21:26:34.264121Z","level":"warning","event":"The `airflow.operators.bash.BashOperator` attribute is deprecated. Please use `'airflow.providers.standard.operators.bash.BashOperator'`.","category":"UserWarning","filename":"/opt/airflow/dags/full_pipeline.py","lineno":10,"logger":"py.warnings"}
{"timestamp":"2026-06-24T21:27:04.592683Z","level":"info","event":"Filling up the DagBag from /opt/airflow/dags/full_pipeline.py","logger":"airflow.dag_processing.dagbag.BundleDagBag","filename":"dagbag.py","lineno":469}
{"timestamp":"2026-06-24T21:27:04.607633Z","level":"warning","event":"The `airflow.decorators.dag` attribute is deprecated. Please use `'airflow.sdk.dag'`.","category":"UserWarning","filename":"/opt/airflow/dags/full_pipeline.py","lineno":7,"logger":"py.warnings"}
{"timestamp":"2026-06-24T21:27:04.607787Z","level":"warning","event":"The `airflow.decorators.task` attribute is deprecated. Please use `'airflow.sdk.task'`.","category":"UserWarning","filename":"/opt/airflow/dags/full_pipeline.py","lineno":7,"logger":"py.warnings"}
{"timestamp":"2026-06-24T21:27:04.608278Z","level":"warning","event":"The `airflow.operators.bash.BashOperator` attribute is deprecated. Please use `'airflow.providers.standard.operators.bash.BashOperator'`.","category":"UserWarning","filename":"/opt/airflow/dags/full_pipeline.py","lineno":10,"logger":"py.warnings"}
{"timestamp":"2026-06-24T21:27:34.884501Z","level":"info","event":"Filling up the DagBag from /opt/airflow/dags/full_pipeline.py","logger":"airflow.dag_processing.dagbag.BundleDagBag","filename":"dagbag.py","lineno":469}
{"timestamp":"2026-06-24T21:27:34.900976Z","level":"warning","event":"The `airflow.decorators.dag` attribute is deprecated. Please use `'airflow.sdk.dag'`.","category":"UserWarning","filename":"/opt/airflow/dags/full_pipeline.py","lineno":7,"logger":"py.warnings"}
{"timestamp":"2026-06-24T21:27:34.901524Z","level":"warning","event":"The `airflow.decorators.task` attribute is deprecated. Please use `'airflow.sdk.task'`.","category":"UserWarning","filename":"/opt/airflow/dags/full_pipeline.py","lineno":7,"logger":"py.warnings"}
{"timestamp":"2026-06-24T21:27:34.901779Z","level":"warning","event":"The `airflow.operators.bash.BashOperator` attribute is deprecated. Please use `'airflow.providers.standard.operators.bash.BashOperator'`.","category":"UserWarning","filename":"/opt/airflow/dags/full_pipeline.py","lineno":10,"logger":"py.warnings"}
{"timestamp":"2026-06-24T21:28:05.166112Z","level":"info","event":"Filling up the DagBag from /opt/airflow/dags/full_pipeline.py","logger":"airflow.dag_processing.dagbag.BundleDagBag","filename":"dagbag.py","lineno":469}
{"timestamp":"2026-06-24T21:28:05.182254Z","level":"warning","event":"The `airflow.decorators.dag` attribute is deprecated. Please use `'airflow.sdk.dag'`.","category":"UserWarning","filename":"/opt/airflow/dags/full_pipeline.py","lineno":7,"logger":"py.warnings"}
{"timestamp":"2026-06-24T21:28:05.182823Z","level":"warning","event":"The `airflow.decorators.task` attribute is deprecated. Please use `'airflow.sdk.task'`.","category":"UserWarning","filename":"/opt/airflow/dags/full_pipeline.py","lineno":7,"logger":"py.warnings"}
{"timestamp":"2026-06-24T21:28:05.182871Z","level":"warning","event":"The `airflow.operators.bash.BashOperator` attribute is deprecated. Please use `'airflow.providers.standard.operators.bash.BashOperator'`.","category":"UserWarning","filename":"/opt/airflow/dags/full_pipeline.py","lineno":10,"logger":"py.warnings"}
{"timestamp":"2026-06-24T21:28:35.484703Z","level":"info","event":"Filling up the DagBag from /opt/airflow/dags/full_pipeline.py","logger":"airflow.dag_processing.dagbag.BundleDagBag","filename":"dagbag.py","lineno":469}
{"timestamp":"2026-06-24T21:28:35.504379Z","level":"warning","event":"The `airflow.decorators.dag` attribute is deprecated. Please use `'airflow.sdk.dag'`.","category":"UserWarning","filename":"/opt/airflow/dags/full_pipeline.py","lineno":7,"logger":"py.warnings"}
{"timestamp":"2026-06-24T21:28:35.504534Z","level":"warning","event":"The `airflow.decorators.task` attribute is deprecated. Please use `'airflow.sdk.task'`.","category":"UserWarning","filename":"/opt/airflow/dags/full_pipeline.py","lineno":7,"logger":"py.warnings"}
{"timestamp":"2026-06-24T21:28:35.504866Z","level":"warning","event":"The `airflow.operators.bash.BashOperator` attribute is deprecated. Please use `'airflow.providers.standard.operators.bash.BashOperator'`.","category":"UserWarning","filename":"/opt/airflow/dags/full_pipeline.py","lineno":10,"logger":"py.warnings"}
{"timestamp":"2026-06-24T21:29:05.827783Z","level":"info","event":"Filling up the DagBag from /opt/airflow/dags/full_pipeline.py","logger":"airflow.dag_processing.dagbag.BundleDagBag","filename":"dagbag.py","lineno":469}
{"timestamp":"2026-06-24T21:29:05.843846Z","level":"warning","event":"The `airflow.decorators.dag` attribute is deprecated. Please use `'airflow.sdk.dag'`.","category":"UserWarning","filename":"/opt/airflow/dags/full_pipeline.py","lineno":7,"logger":"py.warnings"}
{"timestamp":"2026-06-24T21:29:05.844046Z","level":"warning","event":"The `airflow.decorators.task` attribute is deprecated. Please use `'airflow.sdk.task'`.","category":"UserWarning","filename":"/opt/airflow/dags/full_pipeline.py","lineno":7,"logger":"py.warnings"}
{"timestamp":"2026-06-24T21:29:05.844470Z","level":"warning","event":"The `airflow.operators.bash.BashOperator` attribute is deprecated. Please use `'airflow.providers.standard.operators.bash.BashOperator'`.","category":"UserWarning","filename":"/opt/airflow/dags/full_pipeline.py","lineno":10,"logger":"py.warnings"}
{"timestamp":"2026-06-24T21:29:36.142054Z","level":"info","event":"Filling up the DagBag from /opt/airflow/dags/full_pipeline.py","logger":"airflow.dag_processing.dagbag.BundleDagBag","filename":"dagbag.py","lineno":469}
{"timestamp":"2026-06-24T21:29:36.161847Z","level":"warning","event":"The `airflow.decorators.dag` attribute is deprecated. Please use `'airflow.sdk.dag'`.","category":"UserWarning","filename":"/opt/airflow/dags/full_pipeline.py","lineno":7,"logger":"py.warnings"}
{"timestamp":"2026-06-24T21:29:36.161910Z","level":"warning","event":"The `airflow.decorators.task` attribute is deprecated. Please use `'airflow.sdk.task'`.","category":"UserWarning","filename":"/opt/airflow/dags/full_pipeline.py","lineno":7,"logger":"py.warnings"}
{"timestamp":"2026-06-24T21:29:36.161937Z","level":"warning","event":"The `airflow.operators.bash.BashOperator` attribute is deprecated. Please use `'airflow.providers.standard.operators.bash.BashOperator'`.","category":"UserWarning","filename":"/opt/airflow/dags/full_pipeline.py","lineno":10,"logger":"py.warnings"}
{"timestamp":"2026-06-24T21:30:06.481494Z","level":"info","event":"Filling up the DagBag from /opt/airflow/dags/full_pipeline.py","logger":"airflow.dag_processing.dagbag.BundleDagBag","filename":"dagbag.py","lineno":469}
{"timestamp":"2026-06-24T21:30:06.498858Z","level":"warning","event":"The `airflow.decorators.dag` attribute is deprecated. Please use `'airflow.sdk.dag'`.","category":"UserWarning","filename":"/opt/airflow/dags/full_pipeline.py","lineno":7,"logger":"py.warnings"}
{"timestamp":"2026-06-24T21:30:06.499058Z","level":"warning","event":"The `airflow.decorators.task` attribute is deprecated. Please use `'airflow.sdk.task'`.","category":"UserWarning","filename":"/opt/airflow/dags/full_pipeline.py","lineno":7,"logger":"py.warnings"}
{"timestamp":"2026-06-24T21:30:06.499458Z","level":"warning","event":"The `airflow.operators.bash.BashOperator` attribute is deprecated. Please use `'airflow.providers.standard.operators.bash.BashOperator'`.","category":"UserWarning","filename":"/opt/airflow/dags/full_pipeline.py","lineno":10,"logger":"py.warnings"}
{"timestamp":"2026-06-24T21:30:36.779015Z","level":"info","event":"Filling up the DagBag from /opt/airflow/dags/full_pipeline.py","logger":"airflow.dag_processing.dagbag.BundleDagBag","filename":"dagbag.py","lineno":469}
{"timestamp":"2026-06-24T21:30:36.799883Z","level":"warning","event":"The `airflow.decorators.dag` attribute is deprecated. Please use `'airflow.sdk.dag'`.","category":"UserWarning","filename":"/opt/airflow/dags/full_pipeline.py","lineno":7,"logger":"py.warnings"}
{"timestamp":"2026-06-24T21:30:36.799951Z","level":"warning","event":"The `airflow.decorators.task` attribute is deprecated. Please use `'airflow.sdk.task'`.","category":"UserWarning","filename":"/opt/airflow/dags/full_pipeline.py","lineno":7,"logger":"py.warnings"}
{"timestamp":"2026-06-24T21:30:36.799977Z","level":"warning","event":"The `airflow.operators.bash.BashOperator` attribute is deprecated. Please use `'airflow.providers.standard.operators.bash.BashOperator'`.","category":"UserWarning","filename":"/opt/airflow/dags/full_pipeline.py","lineno":10,"logger":"py.warnings"}
{"timestamp":"2026-06-24T21:31:07.024159Z","level":"info","event":"Filling up the DagBag from /opt/airflow/dags/full_pipeline.py","logger":"airflow.dag_processing.dagbag.BundleDagBag","filename":"dagbag.py","lineno":469}
{"timestamp":"2026-06-24T21:31:07.039996Z","level":"warning","event":"The `airflow.decorators.dag` attribute is deprecated. Please use `'airflow.sdk.dag'`.","category":"UserWarning","filename":"/opt/airflow/dags/full_pipeline.py","lineno":7,"logger":"py.warnings"}
{"timestamp":"2026-06-24T21:31:07.040197Z","level":"warning","event":"The `airflow.decorators.task` attribute is deprecated. Please use `'airflow.sdk.task'`.","category":"UserWarning","filename":"/opt/airflow/dags/full_pipeline.py","lineno":7,"logger":"py.warnings"}
{"timestamp":"2026-06-24T21:31:07.040644Z","level":"warning","event":"The `airflow.operators.bash.BashOperator` attribute is deprecated. Please use `'airflow.providers.standard.operators.bash.BashOperator'`.","category":"UserWarning","filename":"/opt/airflow/dags/full_pipeline.py","lineno":10,"logger":"py.warnings"}
{"timestamp":"2026-06-24T21:31:37.328481Z","level":"info","event":"Filling up the DagBag from /opt/airflow/dags/full_pipeline.py","logger":"airflow.dag_processing.dagbag.BundleDagBag","filename":"dagbag.py","lineno":469}
{"timestamp":"2026-06-24T21:31:37.346011Z","level":"warning","event":"The `airflow.decorators.dag` attribute is deprecated. Please use `'airflow.sdk.dag'`.","category":"UserWarning","filename":"/opt/airflow/dags/full_pipeline.py","lineno":7,"logger":"py.warnings"}
{"timestamp":"2026-06-24T21:31:37.346214Z","level":"warning","event":"The `airflow.decorators.task` attribute is deprecated. Please use `'airflow.sdk.task'`.","category":"UserWarning","filename":"/opt/airflow/dags/full_pipeline.py","lineno":7,"logger":"py.warnings"}
{"timestamp":"2026-06-24T21:31:37.346790Z","level":"warning","event":"The `airflow.operators.bash.BashOperator` attribute is deprecated. Please use `'airflow.providers.standard.operators.bash.BashOperator'`.","category":"UserWarning","filename":"/opt/airflow/dags/full_pipeline.py","lineno":10,"logger":"py.warnings"}
{"timestamp":"2026-06-24T21:32:07.638804Z","level":"info","event":"Filling up the DagBag from /opt/airflow/dags/full_pipeline.py","logger":"airflow.dag_processing.dagbag.BundleDagBag","filename":"dagbag.py","lineno":469}
{"timestamp":"2026-06-24T21:32:07.655466Z","level":"warning","event":"The `airflow.decorators.dag` attribute is deprecated. Please use `'airflow.sdk.dag'`.","category":"UserWarning","filename":"/opt/airflow/dags/full_pipeline.py","lineno":7,"logger":"py.warnings"}
{"timestamp":"2026-06-24T21:32:07.655646Z","level":"warning","event":"The `airflow.decorators.task` attribute is deprecated. Please use `'airflow.sdk.task'`.","category":"UserWarning","filename":"/opt/airflow/dags/full_pipeline.py","lineno":7,"logger":"py.warnings"}
{"timestamp":"2026-06-24T21:32:07.655677Z","level":"warning","event":"The `airflow.operators.bash.BashOperator` attribute is deprecated. Please use `'airflow.providers.standard.operators.bash.BashOperator'`.","category":"UserWarning","filename":"/opt/airflow/dags/full_pipeline.py","lineno":10,"logger":"py.warnings"}
{"timestamp":"2026-06-24T21:32:37.921352Z","level":"info","event":"Filling up the DagBag from /opt/airflow/dags/full_pipeline.py","logger":"airflow.dag_processing.dagbag.BundleDagBag","filename":"dagbag.py","lineno":469}
{"timestamp":"2026-06-24T21:32:37.938284Z","level":"warning","event":"The `airflow.decorators.dag` attribute is deprecated. Please use `'airflow.sdk.dag'`.","category":"UserWarning","filename":"/opt/airflow/dags/full_pipeline.py","lineno":7,"logger":"py.warnings"}
{"timestamp":"2026-06-24T21:32:37.938475Z","level":"warning","event":"The `airflow.decorators.task` attribute is deprecated. Please use `'airflow.sdk.task'`.","category":"UserWarning","filename":"/opt/airflow/dags/full_pipeline.py","lineno":7,"logger":"py.warnings"}
{"timestamp":"2026-06-24T21:32:37.938841Z","level":"warning","event":"The `airflow.operators.bash.BashOperator` attribute is deprecated. Please use `'airflow.providers.standard.operators.bash.BashOperator'`.","category":"UserWarning","filename":"/opt/airflow/dags/full_pipeline.py","lineno":10,"logger":"py.warnings"}
{"timestamp":"2026-06-24T21:33:08.222383Z","level":"info","event":"Filling up the DagBag from /opt/airflow/dags/full_pipeline.py","logger":"airflow.dag_processing.dagbag.BundleDagBag","filename":"dagbag.py","lineno":469}
{"timestamp":"2026-06-24T21:33:08.238172Z","level":"warning","event":"The `airflow.decorators.dag` attribute is deprecated. Please use `'airflow.sdk.dag'`.","category":"UserWarning","filename":"/opt/airflow/dags/full_pipeline.py","lineno":7,"logger":"py.warnings"}
{"timestamp":"2026-06-24T21:33:08.238644Z","level":"warning","event":"The `airflow.decorators.task` attribute is deprecated. Please use `'airflow.sdk.task'`.","category":"UserWarning","filename":"/opt/airflow/dags/full_pipeline.py","lineno":7,"logger":"py.warnings"}
{"timestamp":"2026-06-24T21:33:08.238840Z","level":"warning","event":"The `airflow.operators.bash.BashOperator` attribute is deprecated. Please use `'airflow.providers.standard.operators.bash.BashOperator'`.","category":"UserWarning","filename":"/opt/airflow/dags/full_pipeline.py","lineno":10,"logger":"py.warnings"}
{"timestamp":"2026-06-24T21:33:38.514607Z","level":"info","event":"Filling up the DagBag from /opt/airflow/dags/full_pipeline.py","logger":"airflow.dag_processing.dagbag.BundleDagBag","filename":"dagbag.py","lineno":469}
{"timestamp":"2026-06-24T21:33:38.534465Z","level":"warning","event":"The `airflow.decorators.dag` attribute is deprecated. Please use `'airflow.sdk.dag'`.","category":"UserWarning","filename":"/opt/airflow/dags/full_pipeline.py","lineno":7,"logger":"py.warnings"}
{"timestamp":"2026-06-24T21:33:38.534528Z","level":"warning","event":"The `airflow.decorators.task` attribute is deprecated. Please use `'airflow.sdk.task'`.","category":"UserWarning","filename":"/opt/airflow/dags/full_pipeline.py","lineno":7,"logger":"py.warnings"}
{"timestamp":"2026-06-24T21:33:38.534554Z","level":"warning","event":"The `airflow.operators.bash.BashOperator` attribute is deprecated. Please use `'airflow.providers.standard.operators.bash.BashOperator'`.","category":"UserWarning","filename":"/opt/airflow/dags/full_pipeline.py","lineno":10,"logger":"py.warnings"}
{"timestamp":"2026-06-24T21:34:08.796221Z","level":"info","event":"Filling up the DagBag from /opt/airflow/dags/full_pipeline.py","logger":"airflow.dag_processing.dagbag.BundleDagBag","filename":"dagbag.py","lineno":469}
{"timestamp":"2026-06-24T21:34:08.821345Z","level":"warning","event":"The `airflow.decorators.dag` attribute is deprecated. Please use `'airflow.sdk.dag'`.","category":"UserWarning","filename":"/opt/airflow/dags/full_pipeline.py","lineno":7,"logger":"py.warnings"}
{"timestamp":"2026-06-24T21:34:08.821420Z","level":"warning","event":"The `airflow.decorators.task` attribute is deprecated. Please use `'airflow.sdk.task'`.","category":"UserWarning","filename":"/opt/airflow/dags/full_pipeline.py","lineno":7,"logger":"py.warnings"}
{"timestamp":"2026-06-24T21:34:08.821447Z","level":"warning","event":"The `airflow.operators.bash.BashOperator` attribute is deprecated. Please use `'airflow.providers.standard.operators.bash.BashOperator'`.","category":"UserWarning","filename":"/opt/airflow/dags/full_pipeline.py","lineno":10,"logger":"py.warnings"}
{"timestamp":"2026-06-24T21:34:39.084227Z","level":"info","event":"Filling up the DagBag from /opt/airflow/dags/full_pipeline.py","logger":"airflow.dag_processing.dagbag.BundleDagBag","filename":"dagbag.py","lineno":469}
{"timestamp":"2026-06-24T21:34:39.101533Z","level":"warning","event":"The `airflow.decorators.dag` attribute is deprecated. Please use `'airflow.sdk.dag'`.","category":"UserWarning","filename":"/opt/airflow/dags/full_pipeline.py","lineno":7,"logger":"py.warnings"}
{"timestamp":"2026-06-24T21:34:39.101595Z","level":"warning","event":"The `airflow.decorators.task` attribute is deprecated. Please use `'airflow.sdk.task'`.","category":"UserWarning","filename":"/opt/airflow/dags/full_pipeline.py","lineno":7,"logger":"py.warnings"}
{"timestamp":"2026-06-24T21:34:39.101622Z","level":"warning","event":"The `airflow.operators.bash.BashOperator` attribute is deprecated. Please use `'airflow.providers.standard.operators.bash.BashOperator'`.","category":"UserWarning","filename":"/opt/airflow/dags/full_pipeline.py","lineno":10,"logger":"py.warnings"}
{"timestamp":"2026-06-24T21:35:09.375747Z","level":"info","event":"Filling up the DagBag from /opt/airflow/dags/full_pipeline.py","logger":"airflow.dag_processing.dagbag.BundleDagBag","filename":"dagbag.py","lineno":469}
{"timestamp":"2026-06-24T21:35:09.394260Z","level":"warning","event":"The `airflow.decorators.dag` attribute is deprecated. Please use `'airflow.sdk.dag'`.","category":"UserWarning","filename":"/opt/airflow/dags/full_pipeline.py","lineno":7,"logger":"py.warnings"}
{"timestamp":"2026-06-24T21:35:09.394762Z","level":"warning","event":"The `airflow.decorators.task` attribute is deprecated. Please use `'airflow.sdk.task'`.","category":"UserWarning","filename":"/opt/airflow/dags/full_pipeline.py","lineno":7,"logger":"py.warnings"}
{"timestamp":"2026-06-24T21:35:09.395005Z","level":"warning","event":"The `airflow.operators.bash.BashOperator` attribute is deprecated. Please use `'airflow.providers.standard.operators.bash.BashOperator'`.","category":"UserWarning","filename":"/opt/airflow/dags/full_pipeline.py","lineno":10,"logger":"py.warnings"}
{"timestamp":"2026-06-24T21:36:18.216917Z","level":"info","event":"Filling up the DagBag from /opt/airflow/dags/full_pipeline.py","logger":"airflow.dag_processing.dagbag.BundleDagBag","filename":"dagbag.py","lineno":469}
{"timestamp":"2026-06-24T21:36:18.264455Z","level":"warning","event":"The `airflow.decorators.dag` attribute is deprecated. Please use `'airflow.sdk.dag'`.","category":"UserWarning","filename":"/opt/airflow/dags/full_pipeline.py","lineno":7,"logger":"py.warnings"}
{"timestamp":"2026-06-24T21:36:18.265031Z","level":"warning","event":"The `airflow.decorators.task` attribute is deprecated. Please use `'airflow.sdk.task'`.","category":"UserWarning","filename":"/opt/airflow/dags/full_pipeline.py","lineno":7,"logger":"py.warnings"}
{"timestamp":"2026-06-24T21:36:18.265080Z","level":"warning","event":"The `airflow.operators.bash.BashOperator` attribute is deprecated. Please use `'airflow.providers.standard.operators.bash.BashOperator'`.","category":"UserWarning","filename":"/opt/airflow/dags/full_pipeline.py","lineno":10,"logger":"py.warnings"}
{"timestamp":"2026-06-24T21:36:48.541877Z","level":"info","event":"Filling up the DagBag from /opt/airflow/dags/full_pipeline.py","logger":"airflow.dag_processing.dagbag.BundleDagBag","filename":"dagbag.py","lineno":469}
{"timestamp":"2026-06-24T21:36:48.562899Z","level":"warning","event":"The `airflow.decorators.dag` attribute is deprecated. Please use `'airflow.sdk.dag'`.","category":"UserWarning","filename":"/opt/airflow/dags/full_pipeline.py","lineno":7,"logger":"py.warnings"}
{"timestamp":"2026-06-24T21:36:48.563087Z","level":"warning","event":"The `airflow.decorators.task` attribute is deprecated. Please use `'airflow.sdk.task'`.","category":"UserWarning","filename":"/opt/airflow/dags/full_pipeline.py","lineno":7,"logger":"py.warnings"}
{"timestamp":"2026-06-24T21:36:48.563502Z","level":"warning","event":"The `airflow.operators.bash.BashOperator` attribute is deprecated. Please use `'airflow.providers.standard.operators.bash.BashOperator'`.","category":"UserWarning","filename":"/opt/airflow/dags/full_pipeline.py","lineno":10,"logger":"py.warnings"}
{"timestamp":"2026-06-24T21:37:18.848327Z","level":"info","event":"Filling up the DagBag from /opt/airflow/dags/full_pipeline.py","logger":"airflow.dag_processing.dagbag.BundleDagBag","filename":"dagbag.py","lineno":469}
{"timestamp":"2026-06-24T21:37:18.866978Z","level":"warning","event":"The `airflow.decorators.dag` attribute is deprecated. Please use `'airflow.sdk.dag'`.","category":"UserWarning","filename":"/opt/airflow/dags/full_pipeline.py","lineno":7,"logger":"py.warnings"}
{"timestamp":"2026-06-24T21:37:18.867197Z","level":"warning","event":"The `airflow.decorators.task` attribute is deprecated. Please use `'airflow.sdk.task'`.","category":"UserWarning","filename":"/opt/airflow/dags/full_pipeline.py","lineno":7,"logger":"py.warnings"}
{"timestamp":"2026-06-24T21:37:18.867242Z","level":"warning","event":"The `airflow.operators.bash.BashOperator` attribute is deprecated. Please use `'airflow.providers.standard.operators.bash.BashOperator'`.","category":"UserWarning","filename":"/opt/airflow/dags/full_pipeline.py","lineno":10,"logger":"py.warnings"}
{"timestamp":"2026-06-24T21:37:49.180848Z","level":"info","event":"Filling up the DagBag from /opt/airflow/dags/full_pipeline.py","logger":"airflow.dag_processing.dagbag.BundleDagBag","filename":"dagbag.py","lineno":469}
{"timestamp":"2026-06-24T21:37:49.205022Z","level":"warning","event":"The `airflow.decorators.dag` attribute is deprecated. Please use `'airflow.sdk.dag'`.","category":"UserWarning","filename":"/opt/airflow/dags/full_pipeline.py","lineno":7,"logger":"py.warnings"}
{"timestamp":"2026-06-24T21:37:49.205208Z","level":"warning","event":"The `airflow.decorators.task` attribute is deprecated. Please use `'airflow.sdk.task'`.","category":"UserWarning","filename":"/opt/airflow/dags/full_pipeline.py","lineno":7,"logger":"py.warnings"}
{"timestamp":"2026-06-24T21:37:49.205618Z","level":"warning","event":"The `airflow.operators.bash.BashOperator` attribute is deprecated. Please use `'airflow.providers.standard.operators.bash.BashOperator'`.","category":"UserWarning","filename":"/opt/airflow/dags/full_pipeline.py","lineno":10,"logger":"py.warnings"}
{"timestamp":"2026-06-24T21:38:19.525868Z","level":"info","event":"Filling up the DagBag from /opt/airflow/dags/full_pipeline.py","logger":"airflow.dag_processing.dagbag.BundleDagBag","filename":"dagbag.py","lineno":469}
{"timestamp":"2026-06-24T21:38:19.542512Z","level":"warning","event":"The `airflow.decorators.dag` attribute is deprecated. Please use `'airflow.sdk.dag'`.","category":"UserWarning","filename":"/opt/airflow/dags/full_pipeline.py","lineno":7,"logger":"py.warnings"}
{"timestamp":"2026-06-24T21:38:19.542683Z","level":"warning","event":"The `airflow.decorators.task` attribute is deprecated. Please use `'airflow.sdk.task'`.","category":"UserWarning","filename":"/opt/airflow/dags/full_pipeline.py","lineno":7,"logger":"py.warnings"}
{"timestamp":"2026-06-24T21:38:19.542727Z","level":"warning","event":"The `airflow.operators.bash.BashOperator` attribute is deprecated. Please use `'airflow.providers.standard.operators.bash.BashOperator'`.","category":"UserWarning","filename":"/opt/airflow/dags/full_pipeline.py","lineno":10,"logger":"py.warnings"}
{"timestamp":"2026-06-24T21:38:49.915605Z","level":"info","event":"Filling up the DagBag from /opt/airflow/dags/full_pipeline.py","logger":"airflow.dag_processing.dagbag.BundleDagBag","filename":"dagbag.py","lineno":469}
{"timestamp":"2026-06-24T21:38:49.930717Z","level":"warning","event":"The `airflow.decorators.dag` attribute is deprecated. Please use `'airflow.sdk.dag'`.","category":"UserWarning","filename":"/opt/airflow/dags/full_pipeline.py","lineno":7,"logger":"py.warnings"}
{"timestamp":"2026-06-24T21:38:49.930876Z","level":"warning","event":"The `airflow.decorators.task` attribute is deprecated. Please use `'airflow.sdk.task'`.","category":"UserWarning","filename":"/opt/airflow/dags/full_pipeline.py","lineno":7,"logger":"py.warnings"}
{"timestamp":"2026-06-24T21:38:49.930904Z","level":"warning","event":"The `airflow.operators.bash.BashOperator` attribute is deprecated. Please use `'airflow.providers.standard.operators.bash.BashOperator'`.","category":"UserWarning","filename":"/opt/airflow/dags/full_pipeline.py","lineno":10,"logger":"py.warnings"}
{"timestamp":"2026-06-24T21:39:20.261992Z","level":"info","event":"Filling up the DagBag from /opt/airflow/dags/full_pipeline.py","logger":"airflow.dag_processing.dagbag.BundleDagBag","filename":"dagbag.py","lineno":469}
{"timestamp":"2026-06-24T21:39:20.282355Z","level":"warning","event":"The `airflow.decorators.dag` attribute is deprecated. Please use `'airflow.sdk.dag'`.","category":"UserWarning","filename":"/opt/airflow/dags/full_pipeline.py","lineno":7,"logger":"py.warnings"}
{"timestamp":"2026-06-24T21:39:20.282539Z","level":"warning","event":"The `airflow.decorators.task` attribute is deprecated. Please use `'airflow.sdk.task'`.","category":"UserWarning","filename":"/opt/airflow/dags/full_pipeline.py","lineno":7,"logger":"py.warnings"}
{"timestamp":"2026-06-24T21:39:20.282590Z","level":"warning","event":"The `airflow.operators.bash.BashOperator` attribute is deprecated. Please use `'airflow.providers.standard.operators.bash.BashOperator'`.","category":"UserWarning","filename":"/opt/airflow/dags/full_pipeline.py","lineno":10,"logger":"py.warnings"}
{"timestamp":"2026-06-24T21:39:50.594194Z","level":"info","event":"Filling up the DagBag from /opt/airflow/dags/full_pipeline.py","logger":"airflow.dag_processing.dagbag.BundleDagBag","filename":"dagbag.py","lineno":469}
{"timestamp":"2026-06-24T21:39:50.613374Z","level":"warning","event":"The `airflow.decorators.dag` attribute is deprecated. Please use `'airflow.sdk.dag'`.","category":"UserWarning","filename":"/opt/airflow/dags/full_pipeline.py","lineno":7,"logger":"py.warnings"}
{"timestamp":"2026-06-24T21:39:50.613608Z","level":"warning","event":"The `airflow.decorators.task` attribute is deprecated. Please use `'airflow.sdk.task'`.","category":"UserWarning","filename":"/opt/airflow/dags/full_pipeline.py","lineno":7,"logger":"py.warnings"}
{"timestamp":"2026-06-24T21:39:50.613653Z","level":"warning","event":"The `airflow.operators.bash.BashOperator` attribute is deprecated. Please use `'airflow.providers.standard.operators.bash.BashOperator'`.","category":"UserWarning","filename":"/opt/airflow/dags/full_pipeline.py","lineno":10,"logger":"py.warnings"}
{"timestamp":"2026-06-24T21:40:20.896170Z","level":"info","event":"Filling up the DagBag from /opt/airflow/dags/full_pipeline.py","logger":"airflow.dag_processing.dagbag.BundleDagBag","filename":"dagbag.py","lineno":469}
{"timestamp":"2026-06-24T21:40:20.911738Z","level":"warning","event":"The `airflow.decorators.dag` attribute is deprecated. Please use `'airflow.sdk.dag'`.","category":"UserWarning","filename":"/opt/airflow/dags/full_pipeline.py","lineno":7,"logger":"py.warnings"}
{"timestamp":"2026-06-24T21:40:20.911805Z","level":"warning","event":"The `airflow.decorators.task` attribute is deprecated. Please use `'airflow.sdk.task'`.","category":"UserWarning","filename":"/opt/airflow/dags/full_pipeline.py","lineno":7,"logger":"py.warnings"}
{"timestamp":"2026-06-24T21:40:20.911835Z","level":"warning","event":"The `airflow.operators.bash.BashOperator` attribute is deprecated. Please use `'airflow.providers.standard.operators.bash.BashOperator'`.","category":"UserWarning","filename":"/opt/airflow/dags/full_pipeline.py","lineno":10,"logger":"py.warnings"}
{"timestamp":"2026-06-24T21:40:51.160340Z","level":"info","event":"Filling up the DagBag from /opt/airflow/dags/full_pipeline.py","logger":"airflow.dag_processing.dagbag.BundleDagBag","filename":"dagbag.py","lineno":469}
{"timestamp":"2026-06-24T21:40:51.179917Z","level":"warning","event":"The `airflow.decorators.dag` attribute is deprecated. Please use `'airflow.sdk.dag'`.","category":"UserWarning","filename":"/opt/airflow/dags/full_pipeline.py","lineno":7,"logger":"py.warnings"}
{"timestamp":"2026-06-24T21:40:51.180474Z","level":"warning","event":"The `airflow.decorators.task` attribute is deprecated. Please use `'airflow.sdk.task'`.","category":"UserWarning","filename":"/opt/airflow/dags/full_pipeline.py","lineno":7,"logger":"py.warnings"}
{"timestamp":"2026-06-24T21:40:51.180695Z","level":"warning","event":"The `airflow.operators.bash.BashOperator` attribute is deprecated. Please use `'airflow.providers.standard.operators.bash.BashOperator'`.","category":"UserWarning","filename":"/opt/airflow/dags/full_pipeline.py","lineno":10,"logger":"py.warnings"}
{"timestamp":"2026-06-24T21:41:21.494314Z","level":"info","event":"Filling up the DagBag from /opt/airflow/dags/full_pipeline.py","logger":"airflow.dag_processing.dagbag.BundleDagBag","filename":"dagbag.py","lineno":469}
{"timestamp":"2026-06-24T21:41:21.516034Z","level":"warning","event":"The `airflow.decorators.dag` attribute is deprecated. Please use `'airflow.sdk.dag'`.","category":"UserWarning","filename":"/opt/airflow/dags/full_pipeline.py","lineno":7,"logger":"py.warnings"}
{"timestamp":"2026-06-24T21:41:21.516236Z","level":"warning","event":"The `airflow.decorators.task` attribute is deprecated. Please use `'airflow.sdk.task'`.","category":"UserWarning","filename":"/opt/airflow/dags/full_pipeline.py","lineno":7,"logger":"py.warnings"}
{"timestamp":"2026-06-24T21:41:21.516284Z","level":"warning","event":"The `airflow.operators.bash.BashOperator` attribute is deprecated. Please use `'airflow.providers.standard.operators.bash.BashOperator'`.","category":"UserWarning","filename":"/opt/airflow/dags/full_pipeline.py","lineno":10,"logger":"py.warnings"}
{"timestamp":"2026-06-24T21:41:51.838782Z","level":"info","event":"Filling up the DagBag from /opt/airflow/dags/full_pipeline.py","logger":"airflow.dag_processing.dagbag.BundleDagBag","filename":"dagbag.py","lineno":469}
{"timestamp":"2026-06-24T21:41:51.854632Z","level":"warning","event":"The `airflow.decorators.dag` attribute is deprecated. Please use `'airflow.sdk.dag'`.","category":"UserWarning","filename":"/opt/airflow/dags/full_pipeline.py","lineno":7,"logger":"py.warnings"}
{"timestamp":"2026-06-24T21:41:51.855062Z","level":"warning","event":"The `airflow.decorators.task` attribute is deprecated. Please use `'airflow.sdk.task'`.","category":"UserWarning","filename":"/opt/airflow/dags/full_pipeline.py","lineno":7,"logger":"py.warnings"}
{"timestamp":"2026-06-24T21:41:51.855108Z","level":"warning","event":"The `airflow.operators.bash.BashOperator` attribute is deprecated. Please use `'airflow.providers.standard.operators.bash.BashOperator'`.","category":"UserWarning","filename":"/opt/airflow/dags/full_pipeline.py","lineno":10,"logger":"py.warnings"}
{"timestamp":"2026-06-24T21:42:22.182093Z","level":"info","event":"Filling up the DagBag from /opt/airflow/dags/full_pipeline.py","logger":"airflow.dag_processing.dagbag.BundleDagBag","filename":"dagbag.py","lineno":469}
{"timestamp":"2026-06-24T21:42:22.200453Z","level":"warning","event":"The `airflow.decorators.dag` attribute is deprecated. Please use `'airflow.sdk.dag'`.","category":"UserWarning","filename":"/opt/airflow/dags/full_pipeline.py","lineno":7,"logger":"py.warnings"}
{"timestamp":"2026-06-24T21:42:22.200607Z","level":"warning","event":"The `airflow.decorators.task` attribute is deprecated. Please use `'airflow.sdk.task'`.","category":"UserWarning","filename":"/opt/airflow/dags/full_pipeline.py","lineno":7,"logger":"py.warnings"}
{"timestamp":"2026-06-24T21:42:22.200931Z","level":"warning","event":"The `airflow.operators.bash.BashOperator` attribute is deprecated. Please use `'airflow.providers.standard.operators.bash.BashOperator'`.","category":"UserWarning","filename":"/opt/airflow/dags/full_pipeline.py","lineno":10,"logger":"py.warnings"}
{"timestamp":"2026-06-24T21:42:52.506439Z","level":"info","event":"Filling up the DagBag from /opt/airflow/dags/full_pipeline.py","logger":"airflow.dag_processing.dagbag.BundleDagBag","filename":"dagbag.py","lineno":469}
{"timestamp":"2026-06-24T21:42:52.524491Z","level":"warning","event":"The `airflow.decorators.dag` attribute is deprecated. Please use `'airflow.sdk.dag'`.","category":"UserWarning","filename":"/opt/airflow/dags/full_pipeline.py","lineno":7,"logger":"py.warnings"}
{"timestamp":"2026-06-24T21:42:52.524689Z","level":"warning","event":"The `airflow.decorators.task` attribute is deprecated. Please use `'airflow.sdk.task'`.","category":"UserWarning","filename":"/opt/airflow/dags/full_pipeline.py","lineno":7,"logger":"py.warnings"}
{"timestamp":"2026-06-24T21:42:52.525173Z","level":"warning","event":"The `airflow.operators.bash.BashOperator` attribute is deprecated. Please use `'airflow.providers.standard.operators.bash.BashOperator'`.","category":"UserWarning","filename":"/opt/airflow/dags/full_pipeline.py","lineno":10,"logger":"py.warnings"}
{"timestamp":"2026-06-24T21:44:13.884210Z","level":"info","event":"Filling up the DagBag from /opt/airflow/dags/full_pipeline.py","logger":"airflow.dag_processing.dagbag.BundleDagBag","filename":"dagbag.py","lineno":469}
{"timestamp":"2026-06-24T21:44:13.928745Z","level":"warning","event":"The `airflow.decorators.dag` attribute is deprecated. Please use `'airflow.sdk.dag'`.","category":"UserWarning","filename":"/opt/airflow/dags/full_pipeline.py","lineno":7,"logger":"py.warnings"}
{"timestamp":"2026-06-24T21:44:13.928986Z","level":"warning","event":"The `airflow.decorators.task` attribute is deprecated. Please use `'airflow.sdk.task'`.","category":"UserWarning","filename":"/opt/airflow/dags/full_pipeline.py","lineno":7,"logger":"py.warnings"}
{"timestamp":"2026-06-24T21:44:13.929021Z","level":"warning","event":"The `airflow.operators.bash.BashOperator` attribute is deprecated. Please use `'airflow.providers.standard.operators.bash.BashOperator'`.","category":"UserWarning","filename":"/opt/airflow/dags/full_pipeline.py","lineno":10,"logger":"py.warnings"}
{"timestamp":"2026-06-24T21:44:44.181745Z","level":"info","event":"Filling up the DagBag from /opt/airflow/dags/full_pipeline.py","logger":"airflow.dag_processing.dagbag.BundleDagBag","filename":"dagbag.py","lineno":469}
{"timestamp":"2026-06-24T21:44:44.208153Z","level":"warning","event":"The `airflow.decorators.dag` attribute is deprecated. Please use `'airflow.sdk.dag'`.","category":"UserWarning","filename":"/opt/airflow/dags/full_pipeline.py","lineno":7,"logger":"py.warnings"}
{"timestamp":"2026-06-24T21:44:44.208364Z","level":"warning","event":"The `airflow.decorators.task` attribute is deprecated. Please use `'airflow.sdk.task'`.","category":"UserWarning","filename":"/opt/airflow/dags/full_pipeline.py","lineno":7,"logger":"py.warnings"}
{"timestamp":"2026-06-24T21:44:44.208408Z","level":"warning","event":"The `airflow.operators.bash.BashOperator` attribute is deprecated. Please use `'airflow.providers.standard.operators.bash.BashOperator'`.","category":"UserWarning","filename":"/opt/airflow/dags/full_pipeline.py","lineno":10,"logger":"py.warnings"}
{"timestamp":"2026-06-24T21:45:14.477578Z","level":"info","event":"Filling up the DagBag from /opt/airflow/dags/full_pipeline.py","logger":"airflow.dag_processing.dagbag.BundleDagBag","filename":"dagbag.py","lineno":469}
{"timestamp":"2026-06-24T21:45:14.496783Z","level":"warning","event":"The `airflow.decorators.dag` attribute is deprecated. Please use `'airflow.sdk.dag'`.","category":"UserWarning","filename":"/opt/airflow/dags/full_pipeline.py","lineno":7,"logger":"py.warnings"}
{"timestamp":"2026-06-24T21:45:14.496843Z","level":"warning","event":"The `airflow.decorators.task` attribute is deprecated. Please use `'airflow.sdk.task'`.","category":"UserWarning","filename":"/opt/airflow/dags/full_pipeline.py","lineno":7,"logger":"py.warnings"}
{"timestamp":"2026-06-24T21:45:14.496877Z","level":"warning","event":"The `airflow.operators.bash.BashOperator` attribute is deprecated. Please use `'airflow.providers.standard.operators.bash.BashOperator'`.","category":"UserWarning","filename":"/opt/airflow/dags/full_pipeline.py","lineno":10,"logger":"py.warnings"}
{"timestamp":"2026-06-24T21:45:44.815689Z","level":"info","event":"Filling up the DagBag from /opt/airflow/dags/full_pipeline.py","logger":"airflow.dag_processing.dagbag.BundleDagBag","filename":"dagbag.py","lineno":469}
{"timestamp":"2026-06-24T21:45:44.836957Z","level":"warning","event":"The `airflow.decorators.dag` attribute is deprecated. Please use `'airflow.sdk.dag'`.","category":"UserWarning","filename":"/opt/airflow/dags/full_pipeline.py","lineno":7,"logger":"py.warnings"}
{"timestamp":"2026-06-24T21:45:44.837104Z","level":"warning","event":"The `airflow.decorators.task` attribute is deprecated. Please use `'airflow.sdk.task'`.","category":"UserWarning","filename":"/opt/airflow/dags/full_pipeline.py","lineno":7,"logger":"py.warnings"}
{"timestamp":"2026-06-24T21:45:44.837153Z","level":"warning","event":"The `airflow.operators.bash.BashOperator` attribute is deprecated. Please use `'airflow.providers.standard.operators.bash.BashOperator'`.","category":"UserWarning","filename":"/opt/airflow/dags/full_pipeline.py","lineno":10,"logger":"py.warnings"}
{"timestamp":"2026-06-24T21:46:15.141109Z","level":"info","event":"Filling up the DagBag from /opt/airflow/dags/full_pipeline.py","logger":"airflow.dag_processing.dagbag.BundleDagBag","filename":"dagbag.py","lineno":469}
{"timestamp":"2026-06-24T21:46:15.161405Z","level":"warning","event":"The `airflow.decorators.dag` attribute is deprecated. Please use `'airflow.sdk.dag'`.","category":"UserWarning","filename":"/opt/airflow/dags/full_pipeline.py","lineno":7,"logger":"py.warnings"}
{"timestamp":"2026-06-24T21:46:15.161608Z","level":"warning","event":"The `airflow.decorators.task` attribute is deprecated. Please use `'airflow.sdk.task'`.","category":"UserWarning","filename":"/opt/airflow/dags/full_pipeline.py","lineno":7,"logger":"py.warnings"}
{"timestamp":"2026-06-24T21:46:15.161641Z","level":"warning","event":"The `airflow.operators.bash.BashOperator` attribute is deprecated. Please use `'airflow.providers.standard.operators.bash.BashOperator'`.","category":"UserWarning","filename":"/opt/airflow/dags/full_pipeline.py","lineno":10,"logger":"py.warnings"}
{"timestamp":"2026-06-24T21:46:45.467171Z","level":"info","event":"Filling up the DagBag from /opt/airflow/dags/full_pipeline.py","logger":"airflow.dag_processing.dagbag.BundleDagBag","filename":"dagbag.py","lineno":469}
{"timestamp":"2026-06-24T21:46:45.484494Z","level":"warning","event":"The `airflow.decorators.dag` attribute is deprecated. Please use `'airflow.sdk.dag'`.","category":"UserWarning","filename":"/opt/airflow/dags/full_pipeline.py","lineno":7,"logger":"py.warnings"}
{"timestamp":"2026-06-24T21:46:45.484667Z","level":"warning","event":"The `airflow.decorators.task` attribute is deprecated. Please use `'airflow.sdk.task'`.","category":"UserWarning","filename":"/opt/airflow/dags/full_pipeline.py","lineno":7,"logger":"py.warnings"}
{"timestamp":"2026-06-24T21:46:45.484713Z","level":"warning","event":"The `airflow.operators.bash.BashOperator` attribute is deprecated. Please use `'airflow.providers.standard.operators.bash.BashOperator'`.","category":"UserWarning","filename":"/opt/airflow/dags/full_pipeline.py","lineno":10,"logger":"py.warnings"}
{"timestamp":"2026-06-24T21:47:15.817059Z","level":"info","event":"Filling up the DagBag from /opt/airflow/dags/full_pipeline.py","logger":"airflow.dag_processing.dagbag.BundleDagBag","filename":"dagbag.py","lineno":469}
{"timestamp":"2026-06-24T21:47:15.834227Z","level":"warning","event":"The `airflow.decorators.dag` attribute is deprecated. Please use `'airflow.sdk.dag'`.","category":"UserWarning","filename":"/opt/airflow/dags/full_pipeline.py","lineno":7,"logger":"py.warnings"}
{"timestamp":"2026-06-24T21:47:15.834402Z","level":"warning","event":"The `airflow.decorators.task` attribute is deprecated. Please use `'airflow.sdk.task'`.","category":"UserWarning","filename":"/opt/airflow/dags/full_pipeline.py","lineno":7,"logger":"py.warnings"}
{"timestamp":"2026-06-24T21:47:15.834446Z","level":"warning","event":"The `airflow.operators.bash.BashOperator` attribute is deprecated. Please use `'airflow.providers.standard.operators.bash.BashOperator'`.","category":"UserWarning","filename":"/opt/airflow/dags/full_pipeline.py","lineno":10,"logger":"py.warnings"}
{"timestamp":"2026-06-24T21:47:46.172132Z","level":"info","event":"Filling up the DagBag from /opt/airflow/dags/full_pipeline.py","logger":"airflow.dag_processing.dagbag.BundleDagBag","filename":"dagbag.py","lineno":469}
{"timestamp":"2026-06-24T21:47:46.193692Z","level":"warning","event":"The `airflow.decorators.dag` attribute is deprecated. Please use `'airflow.sdk.dag'`.","category":"UserWarning","filename":"/opt/airflow/dags/full_pipeline.py","lineno":7,"logger":"py.warnings"}
{"timestamp":"2026-06-24T21:47:46.193885Z","level":"warning","event":"The `airflow.decorators.task` attribute is deprecated. Please use `'airflow.sdk.task'`.","category":"UserWarning","filename":"/opt/airflow/dags/full_pipeline.py","lineno":7,"logger":"py.warnings"}
{"timestamp":"2026-06-24T21:47:46.193927Z","level":"warning","event":"The `airflow.operators.bash.BashOperator` attribute is deprecated. Please use `'airflow.providers.standard.operators.bash.BashOperator'`.","category":"UserWarning","filename":"/opt/airflow/dags/full_pipeline.py","lineno":10,"logger":"py.warnings"}
{"timestamp":"2026-06-24T21:48:16.498146Z","level":"info","event":"Filling up the DagBag from /opt/airflow/dags/full_pipeline.py","logger":"airflow.dag_processing.dagbag.BundleDagBag","filename":"dagbag.py","lineno":469}
{"timestamp":"2026-06-24T21:48:16.513340Z","level":"warning","event":"The `airflow.decorators.dag` attribute is deprecated. Please use `'airflow.sdk.dag'`.","category":"UserWarning","filename":"/opt/airflow/dags/full_pipeline.py","lineno":7,"logger":"py.warnings"}
{"timestamp":"2026-06-24T21:48:16.513416Z","level":"warning","event":"The `airflow.decorators.task` attribute is deprecated. Please use `'airflow.sdk.task'`.","category":"UserWarning","filename":"/opt/airflow/dags/full_pipeline.py","lineno":7,"logger":"py.warnings"}
{"timestamp":"2026-06-24T21:48:16.513444Z","level":"warning","event":"The `airflow.operators.bash.BashOperator` attribute is deprecated. Please use `'airflow.providers.standard.operators.bash.BashOperator'`.","category":"UserWarning","filename":"/opt/airflow/dags/full_pipeline.py","lineno":10,"logger":"py.warnings"}
{"timestamp":"2026-06-24T21:48:46.807460Z","level":"info","event":"Filling up the DagBag from /opt/airflow/dags/full_pipeline.py","logger":"airflow.dag_processing.dagbag.BundleDagBag","filename":"dagbag.py","lineno":469}
{"timestamp":"2026-06-24T21:48:46.824315Z","level":"warning","event":"The `airflow.decorators.dag` attribute is deprecated. Please use `'airflow.sdk.dag'`.","category":"UserWarning","filename":"/opt/airflow/dags/full_pipeline.py","lineno":7,"logger":"py.warnings"}
{"timestamp":"2026-06-24T21:48:46.824486Z","level":"warning","event":"The `airflow.decorators.task` attribute is deprecated. Please use `'airflow.sdk.task'`.","category":"UserWarning","filename":"/opt/airflow/dags/full_pipeline.py","lineno":7,"logger":"py.warnings"}
{"timestamp":"2026-06-24T21:48:46.824819Z","level":"warning","event":"The `airflow.operators.bash.BashOperator` attribute is deprecated. Please use `'airflow.providers.standard.operators.bash.BashOperator'`.","category":"UserWarning","filename":"/opt/airflow/dags/full_pipeline.py","lineno":10,"logger":"py.warnings"}
{"timestamp":"2026-06-24T21:49:17.148192Z","level":"info","event":"Filling up the DagBag from /opt/airflow/dags/full_pipeline.py","logger":"airflow.dag_processing.dagbag.BundleDagBag","filename":"dagbag.py","lineno":469}
{"timestamp":"2026-06-24T21:49:17.165854Z","level":"warning","event":"The `airflow.decorators.dag` attribute is deprecated. Please use `'airflow.sdk.dag'`.","category":"UserWarning","filename":"/opt/airflow/dags/full_pipeline.py","lineno":7,"logger":"py.warnings"}
{"timestamp":"2026-06-24T21:49:17.166014Z","level":"warning","event":"The `airflow.decorators.task` attribute is deprecated. Please use `'airflow.sdk.task'`.","category":"UserWarning","filename":"/opt/airflow/dags/full_pipeline.py","lineno":7,"logger":"py.warnings"}
{"timestamp":"2026-06-24T21:49:17.166376Z","level":"warning","event":"The `airflow.operators.bash.BashOperator` attribute is deprecated. Please use `'airflow.providers.standard.operators.bash.BashOperator'`.","category":"UserWarning","filename":"/opt/airflow/dags/full_pipeline.py","lineno":10,"logger":"py.warnings"}
{"timestamp":"2026-06-24T21:49:47.420106Z","level":"info","event":"Filling up the DagBag from /opt/airflow/dags/full_pipeline.py","logger":"airflow.dag_processing.dagbag.BundleDagBag","filename":"dagbag.py","lineno":469}
{"timestamp":"2026-06-24T21:49:47.437072Z","level":"warning","event":"The `airflow.decorators.dag` attribute is deprecated. Please use `'airflow.sdk.dag'`.","category":"UserWarning","filename":"/opt/airflow/dags/full_pipeline.py","lineno":7,"logger":"py.warnings"}
{"timestamp":"2026-06-24T21:49:47.437573Z","level":"warning","event":"The `airflow.decorators.task` attribute is deprecated. Please use `'airflow.sdk.task'`.","category":"UserWarning","filename":"/opt/airflow/dags/full_pipeline.py","lineno":7,"logger":"py.warnings"}
{"timestamp":"2026-06-24T21:49:47.437639Z","level":"warning","event":"The `airflow.operators.bash.BashOperator` attribute is deprecated. Please use `'airflow.providers.standard.operators.bash.BashOperator'`.","category":"UserWarning","filename":"/opt/airflow/dags/full_pipeline.py","lineno":10,"logger":"py.warnings"}
{"timestamp":"2026-06-24T21:53:38.329350Z","level":"info","event":"Filling up the DagBag from /opt/airflow/dags/full_pipeline.py","logger":"airflow.dag_processing.dagbag.BundleDagBag","filename":"dagbag.py","lineno":469}
{"timestamp":"2026-06-24T21:53:38.348476Z","level":"warning","event":"The `airflow.decorators.dag` attribute is deprecated. Please use `'airflow.sdk.dag'`.","category":"UserWarning","filename":"/opt/airflow/dags/full_pipeline.py","lineno":7,"logger":"py.warnings"}
{"timestamp":"2026-06-24T21:53:38.348532Z","level":"warning","event":"The `airflow.decorators.task` attribute is deprecated. Please use `'airflow.sdk.task'`.","category":"UserWarning","filename":"/opt/airflow/dags/full_pipeline.py","lineno":7,"logger":"py.warnings"}
{"timestamp":"2026-06-24T21:53:38.348559Z","level":"warning","event":"The `airflow.operators.bash.BashOperator` attribute is deprecated. Please use `'airflow.providers.standard.operators.bash.BashOperator'`.","category":"UserWarning","filename":"/opt/airflow/dags/full_pipeline.py","lineno":10,"logger":"py.warnings"}
{"timestamp":"2026-06-24T21:54:08.679990Z","level":"info","event":"Filling up the DagBag from /opt/airflow/dags/full_pipeline.py","logger":"airflow.dag_processing.dagbag.BundleDagBag","filename":"dagbag.py","lineno":469}
{"timestamp":"2026-06-24T21:54:08.703282Z","level":"warning","event":"The `airflow.decorators.dag` attribute is deprecated. Please use `'airflow.sdk.dag'`.","category":"UserWarning","filename":"/opt/airflow/dags/full_pipeline.py","lineno":7,"logger":"py.warnings"}
{"timestamp":"2026-06-24T21:54:08.703347Z","level":"warning","event":"The `airflow.decorators.task` attribute is deprecated. Please use `'airflow.sdk.task'`.","category":"UserWarning","filename":"/opt/airflow/dags/full_pipeline.py","lineno":7,"logger":"py.warnings"}
{"timestamp":"2026-06-24T21:54:08.703374Z","level":"warning","event":"The `airflow.operators.bash.BashOperator` attribute is deprecated. Please use `'airflow.providers.standard.operators.bash.BashOperator'`.","category":"UserWarning","filename":"/opt/airflow/dags/full_pipeline.py","lineno":10,"logger":"py.warnings"}
{"timestamp":"2026-06-24T21:54:39.058575Z","level":"info","event":"Filling up the DagBag from /opt/airflow/dags/full_pipeline.py","logger":"airflow.dag_processing.dagbag.BundleDagBag","filename":"dagbag.py","lineno":469}
{"timestamp":"2026-06-24T21:54:39.079376Z","level":"warning","event":"The `airflow.decorators.dag` attribute is deprecated. Please use `'airflow.sdk.dag'`.","category":"UserWarning","filename":"/opt/airflow/dags/full_pipeline.py","lineno":7,"logger":"py.warnings"}
{"timestamp":"2026-06-24T21:54:39.079454Z","level":"warning","event":"The `airflow.decorators.task` attribute is deprecated. Please use `'airflow.sdk.task'`.","category":"UserWarning","filename":"/opt/airflow/dags/full_pipeline.py","lineno":7,"logger":"py.warnings"}
{"timestamp":"2026-06-24T21:54:39.079485Z","level":"warning","event":"The `airflow.operators.bash.BashOperator` attribute is deprecated. Please use `'airflow.providers.standard.operators.bash.BashOperator'`.","category":"UserWarning","filename":"/opt/airflow/dags/full_pipeline.py","lineno":10,"logger":"py.warnings"}
{"timestamp":"2026-06-24T21:55:09.328550Z","level":"info","event":"Filling up the DagBag from /opt/airflow/dags/full_pipeline.py","logger":"airflow.dag_processing.dagbag.BundleDagBag","filename":"dagbag.py","lineno":469}
{"timestamp":"2026-06-24T21:55:09.347573Z","level":"warning","event":"The `airflow.decorators.dag` attribute is deprecated. Please use `'airflow.sdk.dag'`.","category":"UserWarning","filename":"/opt/airflow/dags/full_pipeline.py","lineno":7,"logger":"py.warnings"}
{"timestamp":"2026-06-24T21:55:09.347646Z","level":"warning","event":"The `airflow.decorators.task` attribute is deprecated. Please use `'airflow.sdk.task'`.","category":"UserWarning","filename":"/opt/airflow/dags/full_pipeline.py","lineno":7,"logger":"py.warnings"}
{"timestamp":"2026-06-24T21:55:09.347678Z","level":"warning","event":"The `airflow.operators.bash.BashOperator` attribute is deprecated. Please use `'airflow.providers.standard.operators.bash.BashOperator'`.","category":"UserWarning","filename":"/opt/airflow/dags/full_pipeline.py","lineno":10,"logger":"py.warnings"}
{"timestamp":"2026-06-24T21:55:39.660267Z","level":"info","event":"Filling up the DagBag from /opt/airflow/dags/full_pipeline.py","logger":"airflow.dag_processing.dagbag.BundleDagBag","filename":"dagbag.py","lineno":469}
{"timestamp":"2026-06-24T21:55:39.677292Z","level":"warning","event":"The `airflow.decorators.dag` attribute is deprecated. Please use `'airflow.sdk.dag'`.","category":"UserWarning","filename":"/opt/airflow/dags/full_pipeline.py","lineno":7,"logger":"py.warnings"}
{"timestamp":"2026-06-24T21:55:39.677359Z","level":"warning","event":"The `airflow.decorators.task` attribute is deprecated. Please use `'airflow.sdk.task'`.","category":"UserWarning","filename":"/opt/airflow/dags/full_pipeline.py","lineno":7,"logger":"py.warnings"}
{"timestamp":"2026-06-24T21:55:39.677395Z","level":"warning","event":"The `airflow.operators.bash.BashOperator` attribute is deprecated. Please use `'airflow.providers.standard.operators.bash.BashOperator'`.","category":"UserWarning","filename":"/opt/airflow/dags/full_pipeline.py","lineno":10,"logger":"py.warnings"}
{"timestamp":"2026-06-24T21:56:09.989682Z","level":"info","event":"Filling up the DagBag from /opt/airflow/dags/full_pipeline.py","logger":"airflow.dag_processing.dagbag.BundleDagBag","filename":"dagbag.py","lineno":469}
{"timestamp":"2026-06-24T21:56:10.004155Z","level":"warning","event":"The `airflow.decorators.dag` attribute is deprecated. Please use `'airflow.sdk.dag'`.","category":"UserWarning","filename":"/opt/airflow/dags/full_pipeline.py","lineno":7,"logger":"py.warnings"}
{"timestamp":"2026-06-24T21:56:10.004223Z","level":"warning","event":"The `airflow.decorators.task` attribute is deprecated. Please use `'airflow.sdk.task'`.","category":"UserWarning","filename":"/opt/airflow/dags/full_pipeline.py","lineno":7,"logger":"py.warnings"}
{"timestamp":"2026-06-24T21:56:10.004251Z","level":"warning","event":"The `airflow.operators.bash.BashOperator` attribute is deprecated. Please use `'airflow.providers.standard.operators.bash.BashOperator'`.","category":"UserWarning","filename":"/opt/airflow/dags/full_pipeline.py","lineno":10,"logger":"py.warnings"}
{"timestamp":"2026-06-24T21:56:40.318091Z","level":"info","event":"Filling up the DagBag from /opt/airflow/dags/full_pipeline.py","logger":"airflow.dag_processing.dagbag.BundleDagBag","filename":"dagbag.py","lineno":469}
{"timestamp":"2026-06-24T21:56:40.332115Z","level":"warning","event":"The `airflow.decorators.dag` attribute is deprecated. Please use `'airflow.sdk.dag'`.","category":"UserWarning","filename":"/opt/airflow/dags/full_pipeline.py","lineno":7,"logger":"py.warnings"}
{"timestamp":"2026-06-24T21:56:40.332177Z","level":"warning","event":"The `airflow.decorators.task` attribute is deprecated. Please use `'airflow.sdk.task'`.","category":"UserWarning","filename":"/opt/airflow/dags/full_pipeline.py","lineno":7,"logger":"py.warnings"}
{"timestamp":"2026-06-24T21:56:40.332205Z","level":"warning","event":"The `airflow.operators.bash.BashOperator` attribute is deprecated. Please use `'airflow.providers.standard.operators.bash.BashOperator'`.","category":"UserWarning","filename":"/opt/airflow/dags/full_pipeline.py","lineno":10,"logger":"py.warnings"}
{"timestamp":"2026-06-24T21:57:10.602370Z","level":"info","event":"Filling up the DagBag from /opt/airflow/dags/full_pipeline.py","logger":"airflow.dag_processing.dagbag.BundleDagBag","filename":"dagbag.py","lineno":469}
{"timestamp":"2026-06-24T21:57:10.619608Z","level":"warning","event":"The `airflow.decorators.dag` attribute is deprecated. Please use `'airflow.sdk.dag'`.","category":"UserWarning","filename":"/opt/airflow/dags/full_pipeline.py","lineno":7,"logger":"py.warnings"}
{"timestamp":"2026-06-24T21:57:10.619669Z","level":"warning","event":"The `airflow.decorators.task` attribute is deprecated. Please use `'airflow.sdk.task'`.","category":"UserWarning","filename":"/opt/airflow/dags/full_pipeline.py","lineno":7,"logger":"py.warnings"}
{"timestamp":"2026-06-24T21:57:10.619696Z","level":"warning","event":"The `airflow.operators.bash.BashOperator` attribute is deprecated. Please use `'airflow.providers.standard.operators.bash.BashOperator'`.","category":"UserWarning","filename":"/opt/airflow/dags/full_pipeline.py","lineno":10,"logger":"py.warnings"}
{"timestamp":"2026-06-24T21:57:40.919310Z","level":"info","event":"Filling up the DagBag from /opt/airflow/dags/full_pipeline.py","logger":"airflow.dag_processing.dagbag.BundleDagBag","filename":"dagbag.py","lineno":469}
{"timestamp":"2026-06-24T21:57:40.933617Z","level":"warning","event":"The `airflow.decorators.dag` attribute is deprecated. Please use `'airflow.sdk.dag'`.","category":"UserWarning","filename":"/opt/airflow/dags/full_pipeline.py","lineno":7,"logger":"py.warnings"}
{"timestamp":"2026-06-24T21:57:40.933683Z","level":"warning","event":"The `airflow.decorators.task` attribute is deprecated. Please use `'airflow.sdk.task'`.","category":"UserWarning","filename":"/opt/airflow/dags/full_pipeline.py","lineno":7,"logger":"py.warnings"}
{"timestamp":"2026-06-24T21:57:40.933711Z","level":"warning","event":"The `airflow.operators.bash.BashOperator` attribute is deprecated. Please use `'airflow.providers.standard.operators.bash.BashOperator'`.","category":"UserWarning","filename":"/opt/airflow/dags/full_pipeline.py","lineno":10,"logger":"py.warnings"}
{"timestamp":"2026-06-24T21:58:11.217505Z","level":"info","event":"Filling up the DagBag from /opt/airflow/dags/full_pipeline.py","logger":"airflow.dag_processing.dagbag.BundleDagBag","filename":"dagbag.py","lineno":469}
{"timestamp":"2026-06-24T21:58:11.234175Z","level":"warning","event":"The `airflow.decorators.dag` attribute is deprecated. Please use `'airflow.sdk.dag'`.","category":"UserWarning","filename":"/opt/airflow/dags/full_pipeline.py","lineno":7,"logger":"py.warnings"}
{"timestamp":"2026-06-24T21:58:11.234240Z","level":"warning","event":"The `airflow.decorators.task` attribute is deprecated. Please use `'airflow.sdk.task'`.","category":"UserWarning","filename":"/opt/airflow/dags/full_pipeline.py","lineno":7,"logger":"py.warnings"}
{"timestamp":"2026-06-24T21:58:11.234266Z","level":"warning","event":"The `airflow.operators.bash.BashOperator` attribute is deprecated. Please use `'airflow.providers.standard.operators.bash.BashOperator'`.","category":"UserWarning","filename":"/opt/airflow/dags/full_pipeline.py","lineno":10,"logger":"py.warnings"}
{"timestamp":"2026-06-24T21:58:41.555480Z","level":"info","event":"Filling up the DagBag from /opt/airflow/dags/full_pipeline.py","logger":"airflow.dag_processing.dagbag.BundleDagBag","filename":"dagbag.py","lineno":469}
{"timestamp":"2026-06-24T21:58:41.571318Z","level":"warning","event":"The `airflow.decorators.dag` attribute is deprecated. Please use `'airflow.sdk.dag'`.","category":"UserWarning","filename":"/opt/airflow/dags/full_pipeline.py","lineno":7,"logger":"py.warnings"}
{"timestamp":"2026-06-24T21:58:41.571393Z","level":"warning","event":"The `airflow.decorators.task` attribute is deprecated. Please use `'airflow.sdk.task'`.","category":"UserWarning","filename":"/opt/airflow/dags/full_pipeline.py","lineno":7,"logger":"py.warnings"}
{"timestamp":"2026-06-24T21:58:41.571424Z","level":"warning","event":"The `airflow.operators.bash.BashOperator` attribute is deprecated. Please use `'airflow.providers.standard.operators.bash.BashOperator'`.","category":"UserWarning","filename":"/opt/airflow/dags/full_pipeline.py","lineno":10,"logger":"py.warnings"}
{"timestamp":"2026-06-24T21:59:11.878445Z","level":"info","event":"Filling up the DagBag from /opt/airflow/dags/full_pipeline.py","logger":"airflow.dag_processing.dagbag.BundleDagBag","filename":"dagbag.py","lineno":469}
{"timestamp":"2026-06-24T21:59:11.893883Z","level":"warning","event":"The `airflow.decorators.dag` attribute is deprecated. Please use `'airflow.sdk.dag'`.","category":"UserWarning","filename":"/opt/airflow/dags/full_pipeline.py","lineno":7,"logger":"py.warnings"}
{"timestamp":"2026-06-24T21:59:11.893947Z","level":"warning","event":"The `airflow.decorators.task` attribute is deprecated. Please use `'airflow.sdk.task'`.","category":"UserWarning","filename":"/opt/airflow/dags/full_pipeline.py","lineno":7,"logger":"py.warnings"}
{"timestamp":"2026-06-24T21:59:11.893974Z","level":"warning","event":"The `airflow.operators.bash.BashOperator` attribute is deprecated. Please use `'airflow.providers.standard.operators.bash.BashOperator'`.","category":"UserWarning","filename":"/opt/airflow/dags/full_pipeline.py","lineno":10,"logger":"py.warnings"}
{"timestamp":"2026-06-24T21:59:42.182204Z","level":"info","event":"Filling up the DagBag from /opt/airflow/dags/full_pipeline.py","logger":"airflow.dag_processing.dagbag.BundleDagBag","filename":"dagbag.py","lineno":469}
{"timestamp":"2026-06-24T21:59:42.197604Z","level":"warning","event":"The `airflow.decorators.dag` attribute is deprecated. Please use `'airflow.sdk.dag'`.","category":"UserWarning","filename":"/opt/airflow/dags/full_pipeline.py","lineno":7,"logger":"py.warnings"}
{"timestamp":"2026-06-24T21:59:42.197683Z","level":"warning","event":"The `airflow.decorators.task` attribute is deprecated. Please use `'airflow.sdk.task'`.","category":"UserWarning","filename":"/opt/airflow/dags/full_pipeline.py","lineno":7,"logger":"py.warnings"}
{"timestamp":"2026-06-24T21:59:42.197721Z","level":"warning","event":"The `airflow.operators.bash.BashOperator` attribute is deprecated. Please use `'airflow.providers.standard.operators.bash.BashOperator'`.","category":"UserWarning","filename":"/opt/airflow/dags/full_pipeline.py","lineno":10,"logger":"py.warnings"}
{"timestamp":"2026-06-24T22:00:12.504670Z","level":"info","event":"Filling up the DagBag from /opt/airflow/dags/full_pipeline.py","logger":"airflow.dag_processing.dagbag.BundleDagBag","filename":"dagbag.py","lineno":469}
{"timestamp":"2026-06-24T22:00:12.520676Z","level":"warning","event":"The `airflow.decorators.dag` attribute is deprecated. Please use `'airflow.sdk.dag'`.","category":"UserWarning","filename":"/opt/airflow/dags/full_pipeline.py","lineno":7,"logger":"py.warnings"}
{"timestamp":"2026-06-24T22:00:12.520746Z","level":"warning","event":"The `airflow.decorators.task` attribute is deprecated. Please use `'airflow.sdk.task'`.","category":"UserWarning","filename":"/opt/airflow/dags/full_pipeline.py","lineno":7,"logger":"py.warnings"}
{"timestamp":"2026-06-24T22:00:12.520796Z","level":"warning","event":"The `airflow.operators.bash.BashOperator` attribute is deprecated. Please use `'airflow.providers.standard.operators.bash.BashOperator'`.","category":"UserWarning","filename":"/opt/airflow/dags/full_pipeline.py","lineno":10,"logger":"py.warnings"}
{"timestamp":"2026-06-24T22:00:42.832180Z","level":"info","event":"Filling up the DagBag from /opt/airflow/dags/full_pipeline.py","logger":"airflow.dag_processing.dagbag.BundleDagBag","filename":"dagbag.py","lineno":469}
{"timestamp":"2026-06-24T22:00:42.849717Z","level":"warning","event":"The `airflow.decorators.dag` attribute is deprecated. Please use `'airflow.sdk.dag'`.","category":"UserWarning","filename":"/opt/airflow/dags/full_pipeline.py","lineno":7,"logger":"py.warnings"}
{"timestamp":"2026-06-24T22:00:42.849785Z","level":"warning","event":"The `airflow.decorators.task` attribute is deprecated. Please use `'airflow.sdk.task'`.","category":"UserWarning","filename":"/opt/airflow/dags/full_pipeline.py","lineno":7,"logger":"py.warnings"}
{"timestamp":"2026-06-24T22:00:42.849817Z","level":"warning","event":"The `airflow.operators.bash.BashOperator` attribute is deprecated. Please use `'airflow.providers.standard.operators.bash.BashOperator'`.","category":"UserWarning","filename":"/opt/airflow/dags/full_pipeline.py","lineno":10,"logger":"py.warnings"}
{"timestamp":"2026-06-24T22:01:13.103208Z","level":"info","event":"Filling up the DagBag from /opt/airflow/dags/full_pipeline.py","logger":"airflow.dag_processing.dagbag.BundleDagBag","filename":"dagbag.py","lineno":469}
{"timestamp":"2026-06-24T22:01:13.124046Z","level":"warning","event":"The `airflow.decorators.dag` attribute is deprecated. Please use `'airflow.sdk.dag'`.","category":"UserWarning","filename":"/opt/airflow/dags/full_pipeline.py","lineno":7,"logger":"py.warnings"}
{"timestamp":"2026-06-24T22:01:13.124115Z","level":"warning","event":"The `airflow.decorators.task` attribute is deprecated. Please use `'airflow.sdk.task'`.","category":"UserWarning","filename":"/opt/airflow/dags/full_pipeline.py","lineno":7,"logger":"py.warnings"}
{"timestamp":"2026-06-24T22:01:13.124144Z","level":"warning","event":"The `airflow.operators.bash.BashOperator` attribute is deprecated. Please use `'airflow.providers.standard.operators.bash.BashOperator'`.","category":"UserWarning","filename":"/opt/airflow/dags/full_pipeline.py","lineno":10,"logger":"py.warnings"}
{"timestamp":"2026-06-24T22:01:43.440869Z","level":"info","event":"Filling up the DagBag from /opt/airflow/dags/full_pipeline.py","logger":"airflow.dag_processing.dagbag.BundleDagBag","filename":"dagbag.py","lineno":469}
{"timestamp":"2026-06-24T22:01:43.458777Z","level":"warning","event":"The `airflow.decorators.dag` attribute is deprecated. Please use `'airflow.sdk.dag'`.","category":"UserWarning","filename":"/opt/airflow/dags/full_pipeline.py","lineno":7,"logger":"py.warnings"}
{"timestamp":"2026-06-24T22:01:43.458891Z","level":"warning","event":"The `airflow.decorators.task` attribute is deprecated. Please use `'airflow.sdk.task'`.","category":"UserWarning","filename":"/opt/airflow/dags/full_pipeline.py","lineno":7,"logger":"py.warnings"}
{"timestamp":"2026-06-24T22:01:43.458942Z","level":"warning","event":"The `airflow.operators.bash.BashOperator` attribute is deprecated. Please use `'airflow.providers.standard.operators.bash.BashOperator'`.","category":"UserWarning","filename":"/opt/airflow/dags/full_pipeline.py","lineno":10,"logger":"py.warnings"}
{"timestamp":"2026-06-24T22:02:13.761589Z","level":"info","event":"Filling up the DagBag from /opt/airflow/dags/full_pipeline.py","logger":"airflow.dag_processing.dagbag.BundleDagBag","filename":"dagbag.py","lineno":469}
{"timestamp":"2026-06-24T22:02:13.776692Z","level":"warning","event":"The `airflow.decorators.dag` attribute is deprecated. Please use `'airflow.sdk.dag'`.","category":"UserWarning","filename":"/opt/airflow/dags/full_pipeline.py","lineno":7,"logger":"py.warnings"}
{"timestamp":"2026-06-24T22:02:13.776768Z","level":"warning","event":"The `airflow.decorators.task` attribute is deprecated. Please use `'airflow.sdk.task'`.","category":"UserWarning","filename":"/opt/airflow/dags/full_pipeline.py","lineno":7,"logger":"py.warnings"}
{"timestamp":"2026-06-24T22:02:13.776796Z","level":"warning","event":"The `airflow.operators.bash.BashOperator` attribute is deprecated. Please use `'airflow.providers.standard.operators.bash.BashOperator'`.","category":"UserWarning","filename":"/opt/airflow/dags/full_pipeline.py","lineno":10,"logger":"py.warnings"}
{"timestamp":"2026-06-24T22:02:44.089852Z","level":"info","event":"Filling up the DagBag from /opt/airflow/dags/full_pipeline.py","logger":"airflow.dag_processing.dagbag.BundleDagBag","filename":"dagbag.py","lineno":469}
{"timestamp":"2026-06-24T22:02:44.104186Z","level":"warning","event":"The `airflow.decorators.dag` attribute is deprecated. Please use `'airflow.sdk.dag'`.","category":"UserWarning","filename":"/opt/airflow/dags/full_pipeline.py","lineno":7,"logger":"py.warnings"}
{"timestamp":"2026-06-24T22:02:44.104248Z","level":"warning","event":"The `airflow.decorators.task` attribute is deprecated. Please use `'airflow.sdk.task'`.","category":"UserWarning","filename":"/opt/airflow/dags/full_pipeline.py","lineno":7,"logger":"py.warnings"}
{"timestamp":"2026-06-24T22:02:44.104276Z","level":"warning","event":"The `airflow.operators.bash.BashOperator` attribute is deprecated. Please use `'airflow.providers.standard.operators.bash.BashOperator'`.","category":"UserWarning","filename":"/opt/airflow/dags/full_pipeline.py","lineno":10,"logger":"py.warnings"}
{"timestamp":"2026-06-24T22:03:14.403449Z","level":"info","event":"Filling up the DagBag from /opt/airflow/dags/full_pipeline.py","logger":"airflow.dag_processing.dagbag.BundleDagBag","filename":"dagbag.py","lineno":469}
{"timestamp":"2026-06-24T22:03:14.418499Z","level":"warning","event":"The `airflow.decorators.dag` attribute is deprecated. Please use `'airflow.sdk.dag'`.","category":"UserWarning","filename":"/opt/airflow/dags/full_pipeline.py","lineno":7,"logger":"py.warnings"}
{"timestamp":"2026-06-24T22:03:14.418565Z","level":"warning","event":"The `airflow.decorators.task` attribute is deprecated. Please use `'airflow.sdk.task'`.","category":"UserWarning","filename":"/opt/airflow/dags/full_pipeline.py","lineno":7,"logger":"py.warnings"}
{"timestamp":"2026-06-24T22:03:14.418592Z","level":"warning","event":"The `airflow.operators.bash.BashOperator` attribute is deprecated. Please use `'airflow.providers.standard.operators.bash.BashOperator'`.","category":"UserWarning","filename":"/opt/airflow/dags/full_pipeline.py","lineno":10,"logger":"py.warnings"}
{"timestamp":"2026-06-24T22:03:44.744927Z","level":"info","event":"Filling up the DagBag from /opt/airflow/dags/full_pipeline.py","logger":"airflow.dag_processing.dagbag.BundleDagBag","filename":"dagbag.py","lineno":469}
{"timestamp":"2026-06-24T22:03:44.759760Z","level":"warning","event":"The `airflow.decorators.dag` attribute is deprecated. Please use `'airflow.sdk.dag'`.","category":"UserWarning","filename":"/opt/airflow/dags/full_pipeline.py","lineno":7,"logger":"py.warnings"}
{"timestamp":"2026-06-24T22:03:44.759820Z","level":"warning","event":"The `airflow.decorators.task` attribute is deprecated. Please use `'airflow.sdk.task'`.","category":"UserWarning","filename":"/opt/airflow/dags/full_pipeline.py","lineno":7,"logger":"py.warnings"}
{"timestamp":"2026-06-24T22:03:44.759848Z","level":"warning","event":"The `airflow.operators.bash.BashOperator` attribute is deprecated. Please use `'airflow.providers.standard.operators.bash.BashOperator'`.","category":"UserWarning","filename":"/opt/airflow/dags/full_pipeline.py","lineno":10,"logger":"py.warnings"}
{"timestamp":"2026-06-24T22:04:15.051082Z","level":"info","event":"Filling up the DagBag from /opt/airflow/dags/full_pipeline.py","logger":"airflow.dag_processing.dagbag.BundleDagBag","filename":"dagbag.py","lineno":469}
{"timestamp":"2026-06-24T22:04:15.067959Z","level":"warning","event":"The `airflow.decorators.dag` attribute is deprecated. Please use `'airflow.sdk.dag'`.","category":"UserWarning","filename":"/opt/airflow/dags/full_pipeline.py","lineno":7,"logger":"py.warnings"}
{"timestamp":"2026-06-24T22:04:15.068033Z","level":"warning","event":"The `airflow.decorators.task` attribute is deprecated. Please use `'airflow.sdk.task'`.","category":"UserWarning","filename":"/opt/airflow/dags/full_pipeline.py","lineno":7,"logger":"py.warnings"}
{"timestamp":"2026-06-24T22:04:15.068060Z","level":"warning","event":"The `airflow.operators.bash.BashOperator` attribute is deprecated. Please use `'airflow.providers.standard.operators.bash.BashOperator'`.","category":"UserWarning","filename":"/opt/airflow/dags/full_pipeline.py","lineno":10,"logger":"py.warnings"}
{"timestamp":"2026-06-24T22:04:45.380344Z","level":"info","event":"Filling up the DagBag from /opt/airflow/dags/full_pipeline.py","logger":"airflow.dag_processing.dagbag.BundleDagBag","filename":"dagbag.py","lineno":469}
{"timestamp":"2026-06-24T22:04:45.396871Z","level":"warning","event":"The `airflow.decorators.dag` attribute is deprecated. Please use `'airflow.sdk.dag'`.","category":"UserWarning","filename":"/opt/airflow/dags/full_pipeline.py","lineno":7,"logger":"py.warnings"}
{"timestamp":"2026-06-24T22:04:45.396940Z","level":"warning","event":"The `airflow.decorators.task` attribute is deprecated. Please use `'airflow.sdk.task'`.","category":"UserWarning","filename":"/opt/airflow/dags/full_pipeline.py","lineno":7,"logger":"py.warnings"}
{"timestamp":"2026-06-24T22:04:45.396971Z","level":"warning","event":"The `airflow.operators.bash.BashOperator` attribute is deprecated. Please use `'airflow.providers.standard.operators.bash.BashOperator'`.","category":"UserWarning","filename":"/opt/airflow/dags/full_pipeline.py","lineno":10,"logger":"py.warnings"}
{"timestamp":"2026-06-24T22:05:15.726856Z","level":"info","event":"Filling up the DagBag from /opt/airflow/dags/full_pipeline.py","logger":"airflow.dag_processing.dagbag.BundleDagBag","filename":"dagbag.py","lineno":469}
{"timestamp":"2026-06-24T22:05:15.742245Z","level":"warning","event":"The `airflow.decorators.dag` attribute is deprecated. Please use `'airflow.sdk.dag'`.","category":"UserWarning","filename":"/opt/airflow/dags/full_pipeline.py","lineno":7,"logger":"py.warnings"}
{"timestamp":"2026-06-24T22:05:15.742315Z","level":"warning","event":"The `airflow.decorators.task` attribute is deprecated. Please use `'airflow.sdk.task'`.","category":"UserWarning","filename":"/opt/airflow/dags/full_pipeline.py","lineno":7,"logger":"py.warnings"}
{"timestamp":"2026-06-24T22:05:15.742342Z","level":"warning","event":"The `airflow.operators.bash.BashOperator` attribute is deprecated. Please use `'airflow.providers.standard.operators.bash.BashOperator'`.","category":"UserWarning","filename":"/opt/airflow/dags/full_pipeline.py","lineno":10,"logger":"py.warnings"}
{"timestamp":"2026-06-24T22:05:46.061281Z","level":"info","event":"Filling up the DagBag from /opt/airflow/dags/full_pipeline.py","logger":"airflow.dag_processing.dagbag.BundleDagBag","filename":"dagbag.py","lineno":469}
{"timestamp":"2026-06-24T22:05:46.079321Z","level":"warning","event":"The `airflow.decorators.dag` attribute is deprecated. Please use `'airflow.sdk.dag'`.","category":"UserWarning","filename":"/opt/airflow/dags/full_pipeline.py","lineno":7,"logger":"py.warnings"}
{"timestamp":"2026-06-24T22:05:46.079394Z","level":"warning","event":"The `airflow.decorators.task` attribute is deprecated. Please use `'airflow.sdk.task'`.","category":"UserWarning","filename":"/opt/airflow/dags/full_pipeline.py","lineno":7,"logger":"py.warnings"}
{"timestamp":"2026-06-24T22:05:46.079422Z","level":"warning","event":"The `airflow.operators.bash.BashOperator` attribute is deprecated. Please use `'airflow.providers.standard.operators.bash.BashOperator'`.","category":"UserWarning","filename":"/opt/airflow/dags/full_pipeline.py","lineno":10,"logger":"py.warnings"}
{"timestamp":"2026-06-24T22:06:16.382730Z","level":"info","event":"Filling up the DagBag from /opt/airflow/dags/full_pipeline.py","logger":"airflow.dag_processing.dagbag.BundleDagBag","filename":"dagbag.py","lineno":469}
{"timestamp":"2026-06-24T22:06:16.401414Z","level":"warning","event":"The `airflow.decorators.dag` attribute is deprecated. Please use `'airflow.sdk.dag'`.","category":"UserWarning","filename":"/opt/airflow/dags/full_pipeline.py","lineno":7,"logger":"py.warnings"}
{"timestamp":"2026-06-24T22:06:16.401488Z","level":"warning","event":"The `airflow.decorators.task` attribute is deprecated. Please use `'airflow.sdk.task'`.","category":"UserWarning","filename":"/opt/airflow/dags/full_pipeline.py","lineno":7,"logger":"py.warnings"}
{"timestamp":"2026-06-24T22:06:16.401520Z","level":"warning","event":"The `airflow.operators.bash.BashOperator` attribute is deprecated. Please use `'airflow.providers.standard.operators.bash.BashOperator'`.","category":"UserWarning","filename":"/opt/airflow/dags/full_pipeline.py","lineno":10,"logger":"py.warnings"}
{"timestamp":"2026-06-24T22:06:46.666610Z","level":"info","event":"Filling up the DagBag from /opt/airflow/dags/full_pipeline.py","logger":"airflow.dag_processing.dagbag.BundleDagBag","filename":"dagbag.py","lineno":469}
{"timestamp":"2026-06-24T22:06:46.684525Z","level":"warning","event":"The `airflow.decorators.dag` attribute is deprecated. Please use `'airflow.sdk.dag'`.","category":"UserWarning","filename":"/opt/airflow/dags/full_pipeline.py","lineno":7,"logger":"py.warnings"}
{"timestamp":"2026-06-24T22:06:46.684597Z","level":"warning","event":"The `airflow.decorators.task` attribute is deprecated. Please use `'airflow.sdk.task'`.","category":"UserWarning","filename":"/opt/airflow/dags/full_pipeline.py","lineno":7,"logger":"py.warnings"}
{"timestamp":"2026-06-24T22:06:46.684633Z","level":"warning","event":"The `airflow.operators.bash.BashOperator` attribute is deprecated. Please use `'airflow.providers.standard.operators.bash.BashOperator'`.","category":"UserWarning","filename":"/opt/airflow/dags/full_pipeline.py","lineno":10,"logger":"py.warnings"}
{"timestamp":"2026-06-24T22:07:17.020693Z","level":"info","event":"Filling up the DagBag from /opt/airflow/dags/full_pipeline.py","logger":"airflow.dag_processing.dagbag.BundleDagBag","filename":"dagbag.py","lineno":469}
{"timestamp":"2026-06-24T22:07:17.036780Z","level":"warning","event":"The `airflow.decorators.dag` attribute is deprecated. Please use `'airflow.sdk.dag'`.","category":"UserWarning","filename":"/opt/airflow/dags/full_pipeline.py","lineno":7,"logger":"py.warnings"}
{"timestamp":"2026-06-24T22:07:17.036839Z","level":"warning","event":"The `airflow.decorators.task` attribute is deprecated. Please use `'airflow.sdk.task'`.","category":"UserWarning","filename":"/opt/airflow/dags/full_pipeline.py","lineno":7,"logger":"py.warnings"}
{"timestamp":"2026-06-24T22:07:17.036863Z","level":"warning","event":"The `airflow.operators.bash.BashOperator` attribute is deprecated. Please use `'airflow.providers.standard.operators.bash.BashOperator'`.","category":"UserWarning","filename":"/opt/airflow/dags/full_pipeline.py","lineno":10,"logger":"py.warnings"}
{"timestamp":"2026-06-24T22:07:47.406057Z","level":"info","event":"Filling up the DagBag from /opt/airflow/dags/full_pipeline.py","logger":"airflow.dag_processing.dagbag.BundleDagBag","filename":"dagbag.py","lineno":469}
{"timestamp":"2026-06-24T22:07:47.452748Z","level":"warning","event":"The `airflow.decorators.dag` attribute is deprecated. Please use `'airflow.sdk.dag'`.","category":"UserWarning","filename":"/opt/airflow/dags/full_pipeline.py","lineno":7,"logger":"py.warnings"}
{"timestamp":"2026-06-24T22:07:47.452834Z","level":"warning","event":"The `airflow.decorators.task` attribute is deprecated. Please use `'airflow.sdk.task'`.","category":"UserWarning","filename":"/opt/airflow/dags/full_pipeline.py","lineno":7,"logger":"py.warnings"}
{"timestamp":"2026-06-24T22:07:47.452864Z","level":"warning","event":"The `airflow.operators.bash.BashOperator` attribute is deprecated. Please use `'airflow.providers.standard.operators.bash.BashOperator'`.","category":"UserWarning","filename":"/opt/airflow/dags/full_pipeline.py","lineno":10,"logger":"py.warnings"}
{"timestamp":"2026-06-24T22:08:17.798975Z","level":"info","event":"Filling up the DagBag from /opt/airflow/dags/full_pipeline.py","logger":"airflow.dag_processing.dagbag.BundleDagBag","filename":"dagbag.py","lineno":469}
{"timestamp":"2026-06-24T22:08:17.815396Z","level":"warning","event":"The `airflow.decorators.dag` attribute is deprecated. Please use `'airflow.sdk.dag'`.","category":"UserWarning","filename":"/opt/airflow/dags/full_pipeline.py","lineno":7,"logger":"py.warnings"}
{"timestamp":"2026-06-24T22:08:17.815469Z","level":"warning","event":"The `airflow.decorators.task` attribute is deprecated. Please use `'airflow.sdk.task'`.","category":"UserWarning","filename":"/opt/airflow/dags/full_pipeline.py","lineno":7,"logger":"py.warnings"}
{"timestamp":"2026-06-24T22:08:17.815498Z","level":"warning","event":"The `airflow.operators.bash.BashOperator` attribute is deprecated. Please use `'airflow.providers.standard.operators.bash.BashOperator'`.","category":"UserWarning","filename":"/opt/airflow/dags/full_pipeline.py","lineno":10,"logger":"py.warnings"}
{"timestamp":"2026-06-24T22:08:48.127587Z","level":"info","event":"Filling up the DagBag from /opt/airflow/dags/full_pipeline.py","logger":"airflow.dag_processing.dagbag.BundleDagBag","filename":"dagbag.py","lineno":469}
{"timestamp":"2026-06-24T22:08:48.146490Z","level":"warning","event":"The `airflow.decorators.dag` attribute is deprecated. Please use `'airflow.sdk.dag'`.","category":"UserWarning","filename":"/opt/airflow/dags/full_pipeline.py","lineno":7,"logger":"py.warnings"}
{"timestamp":"2026-06-24T22:08:48.146564Z","level":"warning","event":"The `airflow.decorators.task` attribute is deprecated. Please use `'airflow.sdk.task'`.","category":"UserWarning","filename":"/opt/airflow/dags/full_pipeline.py","lineno":7,"logger":"py.warnings"}
{"timestamp":"2026-06-24T22:08:48.146673Z","level":"warning","event":"The `airflow.operators.bash.BashOperator` attribute is deprecated. Please use `'airflow.providers.standard.operators.bash.BashOperator'`.","category":"UserWarning","filename":"/opt/airflow/dags/full_pipeline.py","lineno":10,"logger":"py.warnings"}
{"timestamp":"2026-06-24T22:09:18.442463Z","level":"info","event":"Filling up the DagBag from /opt/airflow/dags/full_pipeline.py","logger":"airflow.dag_processing.dagbag.BundleDagBag","filename":"dagbag.py","lineno":469}
{"timestamp":"2026-06-24T22:09:18.461512Z","level":"warning","event":"The `airflow.decorators.dag` attribute is deprecated. Please use `'airflow.sdk.dag'`.","category":"UserWarning","filename":"/opt/airflow/dags/full_pipeline.py","lineno":7,"logger":"py.warnings"}
{"timestamp":"2026-06-24T22:09:18.461598Z","level":"warning","event":"The `airflow.decorators.task` attribute is deprecated. Please use `'airflow.sdk.task'`.","category":"UserWarning","filename":"/opt/airflow/dags/full_pipeline.py","lineno":7,"logger":"py.warnings"}
{"timestamp":"2026-06-24T22:09:18.461636Z","level":"warning","event":"The `airflow.operators.bash.BashOperator` attribute is deprecated. Please use `'airflow.providers.standard.operators.bash.BashOperator'`.","category":"UserWarning","filename":"/opt/airflow/dags/full_pipeline.py","lineno":10,"logger":"py.warnings"}
{"timestamp":"2026-06-24T22:09:48.770539Z","level":"info","event":"Filling up the DagBag from /opt/airflow/dags/full_pipeline.py","logger":"airflow.dag_processing.dagbag.BundleDagBag","filename":"dagbag.py","lineno":469}
{"timestamp":"2026-06-24T22:09:48.787347Z","level":"warning","event":"The `airflow.decorators.dag` attribute is deprecated. Please use `'airflow.sdk.dag'`.","category":"UserWarning","filename":"/opt/airflow/dags/full_pipeline.py","lineno":7,"logger":"py.warnings"}
{"timestamp":"2026-06-24T22:09:48.787418Z","level":"warning","event":"The `airflow.decorators.task` attribute is deprecated. Please use `'airflow.sdk.task'`.","category":"UserWarning","filename":"/opt/airflow/dags/full_pipeline.py","lineno":7,"logger":"py.warnings"}
{"timestamp":"2026-06-24T22:09:48.787446Z","level":"warning","event":"The `airflow.operators.bash.BashOperator` attribute is deprecated. Please use `'airflow.providers.standard.operators.bash.BashOperator'`.","category":"UserWarning","filename":"/opt/airflow/dags/full_pipeline.py","lineno":10,"logger":"py.warnings"}
{"timestamp":"2026-06-24T22:10:19.059923Z","level":"info","event":"Filling up the DagBag from /opt/airflow/dags/full_pipeline.py","logger":"airflow.dag_processing.dagbag.BundleDagBag","filename":"dagbag.py","lineno":469}
{"timestamp":"2026-06-24T22:10:19.075944Z","level":"warning","event":"The `airflow.decorators.dag` attribute is deprecated. Please use `'airflow.sdk.dag'`.","category":"UserWarning","filename":"/opt/airflow/dags/full_pipeline.py","lineno":7,"logger":"py.warnings"}
{"timestamp":"2026-06-24T22:10:19.076031Z","level":"warning","event":"The `airflow.decorators.task` attribute is deprecated. Please use `'airflow.sdk.task'`.","category":"UserWarning","filename":"/opt/airflow/dags/full_pipeline.py","lineno":7,"logger":"py.warnings"}
{"timestamp":"2026-06-24T22:10:19.076060Z","level":"warning","event":"The `airflow.operators.bash.BashOperator` attribute is deprecated. Please use `'airflow.providers.standard.operators.bash.BashOperator'`.","category":"UserWarning","filename":"/opt/airflow/dags/full_pipeline.py","lineno":10,"logger":"py.warnings"}
{"timestamp":"2026-06-24T22:10:49.411202Z","level":"info","event":"Filling up the DagBag from /opt/airflow/dags/full_pipeline.py","logger":"airflow.dag_processing.dagbag.BundleDagBag","filename":"dagbag.py","lineno":469}
{"timestamp":"2026-06-24T22:10:49.427915Z","level":"warning","event":"The `airflow.decorators.dag` attribute is deprecated. Please use `'airflow.sdk.dag'`.","category":"UserWarning","filename":"/opt/airflow/dags/full_pipeline.py","lineno":7,"logger":"py.warnings"}
{"timestamp":"2026-06-24T22:10:49.427985Z","level":"warning","event":"The `airflow.decorators.task` attribute is deprecated. Please use `'airflow.sdk.task'`.","category":"UserWarning","filename":"/opt/airflow/dags/full_pipeline.py","lineno":7,"logger":"py.warnings"}
{"timestamp":"2026-06-24T22:10:49.428018Z","level":"warning","event":"The `airflow.operators.bash.BashOperator` attribute is deprecated. Please use `'airflow.providers.standard.operators.bash.BashOperator'`.","category":"UserWarning","filename":"/opt/airflow/dags/full_pipeline.py","lineno":10,"logger":"py.warnings"}
{"timestamp":"2026-06-24T22:11:19.730008Z","level":"info","event":"Filling up the DagBag from /opt/airflow/dags/full_pipeline.py","logger":"airflow.dag_processing.dagbag.BundleDagBag","filename":"dagbag.py","lineno":469}
{"timestamp":"2026-06-24T22:11:19.744492Z","level":"warning","event":"The `airflow.decorators.dag` attribute is deprecated. Please use `'airflow.sdk.dag'`.","category":"UserWarning","filename":"/opt/airflow/dags/full_pipeline.py","lineno":7,"logger":"py.warnings"}
{"timestamp":"2026-06-24T22:11:19.744557Z","level":"warning","event":"The `airflow.decorators.task` attribute is deprecated. Please use `'airflow.sdk.task'`.","category":"UserWarning","filename":"/opt/airflow/dags/full_pipeline.py","lineno":7,"logger":"py.warnings"}
{"timestamp":"2026-06-24T22:11:19.744586Z","level":"warning","event":"The `airflow.operators.bash.BashOperator` attribute is deprecated. Please use `'airflow.providers.standard.operators.bash.BashOperator'`.","category":"UserWarning","filename":"/opt/airflow/dags/full_pipeline.py","lineno":10,"logger":"py.warnings"}
{"timestamp":"2026-06-24T22:11:50.040230Z","level":"info","event":"Filling up the DagBag from /opt/airflow/dags/full_pipeline.py","logger":"airflow.dag_processing.dagbag.BundleDagBag","filename":"dagbag.py","lineno":469}
{"timestamp":"2026-06-24T22:11:50.054933Z","level":"warning","event":"The `airflow.decorators.dag` attribute is deprecated. Please use `'airflow.sdk.dag'`.","category":"UserWarning","filename":"/opt/airflow/dags/full_pipeline.py","lineno":7,"logger":"py.warnings"}
{"timestamp":"2026-06-24T22:11:50.055007Z","level":"warning","event":"The `airflow.decorators.task` attribute is deprecated. Please use `'airflow.sdk.task'`.","category":"UserWarning","filename":"/opt/airflow/dags/full_pipeline.py","lineno":7,"logger":"py.warnings"}
{"timestamp":"2026-06-24T22:11:50.055037Z","level":"warning","event":"The `airflow.operators.bash.BashOperator` attribute is deprecated. Please use `'airflow.providers.standard.operators.bash.BashOperator'`.","category":"UserWarning","filename":"/opt/airflow/dags/full_pipeline.py","lineno":10,"logger":"py.warnings"}
